{"/Users/liyibing/Project/geekU/Frontend-03-Template/week18/html-parser/src/parser.js":{"path":"/Users/liyibing/Project/geekU/Frontend-03-Template/week18/html-parser/src/parser.js","statementMap":{"0":{"start":{"line":3,"column":0},"end":{"line":5,"column":3}},"1":{"start":{"line":6,"column":0},"end":{"line":6,"column":30}},"2":{"start":{"line":8,"column":65},"end":{"line":8,"column":623}},"3":{"start":{"line":8,"column":132},"end":{"line":8,"column":463}},"4":{"start":{"line":8,"column":252},"end":{"line":8,"column":267}},"5":{"start":{"line":8,"column":260},"end":{"line":8,"column":267}},"6":{"start":{"line":8,"column":276},"end":{"line":8,"column":277}},"7":{"start":{"line":8,"column":287},"end":{"line":8,"column":302}},"8":{"start":{"line":8,"column":304},"end":{"line":8,"column":461}},"9":{"start":{"line":8,"column":337},"end":{"line":8,"column":378}},"10":{"start":{"line":8,"column":356},"end":{"line":8,"column":378}},"11":{"start":{"line":8,"column":379},"end":{"line":8,"column":417}},"12":{"start":{"line":8,"column":441},"end":{"line":8,"column":450}},"13":{"start":{"line":8,"column":464},"end":{"line":8,"column":621}},"14":{"start":{"line":8,"column":647},"end":{"line":8,"column":651}},"15":{"start":{"line":8,"column":662},"end":{"line":8,"column":667}},"16":{"start":{"line":8,"column":674},"end":{"line":8,"column":995}},"17":{"start":{"line":8,"column":701},"end":{"line":8,"column":727}},"18":{"start":{"line":8,"column":760},"end":{"line":8,"column":769}},"19":{"start":{"line":8,"column":771},"end":{"line":8,"column":800}},"20":{"start":{"line":8,"column":801},"end":{"line":8,"column":813}},"21":{"start":{"line":8,"column":838},"end":{"line":8,"column":852}},"22":{"start":{"line":8,"column":853},"end":{"line":8,"column":863}},"23":{"start":{"line":8,"column":885},"end":{"line":8,"column":990}},"24":{"start":{"line":8,"column":891},"end":{"line":8,"column":953}},"25":{"start":{"line":8,"column":938},"end":{"line":8,"column":953}},"26":{"start":{"line":8,"column":966},"end":{"line":8,"column":988}},"27":{"start":{"line":8,"column":978},"end":{"line":8,"column":988}},"28":{"start":{"line":10,"column":35},"end":{"line":10,"column":151}},"29":{"start":{"line":12,"column":32},"end":{"line":12,"column":188}},"30":{"start":{"line":14,"column":50},"end":{"line":14,"column":65}},"31":{"start":{"line":14,"column":58},"end":{"line":14,"column":65}},"32":{"start":{"line":14,"column":66},"end":{"line":14,"column":129}},"33":{"start":{"line":14,"column":93},"end":{"line":14,"column":129}},"34":{"start":{"line":14,"column":138},"end":{"line":14,"column":184}},"35":{"start":{"line":14,"column":186},"end":{"line":14,"column":246}},"36":{"start":{"line":14,"column":223},"end":{"line":14,"column":246}},"37":{"start":{"line":14,"column":247},"end":{"line":14,"column":300}},"38":{"start":{"line":14,"column":279},"end":{"line":14,"column":300}},"39":{"start":{"line":14,"column":301},"end":{"line":14,"column":414}},"40":{"start":{"line":14,"column":378},"end":{"line":14,"column":414}},"41":{"start":{"line":16,"column":34},"end":{"line":16,"column":128}},"42":{"start":{"line":16,"column":104},"end":{"line":16,"column":128}},"43":{"start":{"line":18,"column":35},"end":{"line":18,"column":89}},"44":{"start":{"line":18,"column":59},"end":{"line":18,"column":89}},"45":{"start":{"line":20,"column":39},"end":{"line":20,"column":93}},"46":{"start":{"line":20,"column":76},"end":{"line":20,"column":93}},"47":{"start":{"line":20,"column":94},"end":{"line":20,"column":168}},"48":{"start":{"line":20,"column":107},"end":{"line":20,"column":108}},"49":{"start":{"line":20,"column":117},"end":{"line":20,"column":131}},"50":{"start":{"line":20,"column":149},"end":{"line":20,"column":166}},"51":{"start":{"line":20,"column":169},"end":{"line":20,"column":181}},"52":{"start":{"line":22,"column":10},"end":{"line":22,"column":24}},"53":{"start":{"line":24,"column":10},"end":{"line":24,"column":23}},"54":{"start":{"line":26,"column":13},"end":{"line":26,"column":35}},"55":{"start":{"line":28,"column":19},"end":{"line":28,"column":23}},"56":{"start":{"line":29,"column":23},"end":{"line":29,"column":27}},"57":{"start":{"line":30,"column":22},"end":{"line":30,"column":26}},"58":{"start":{"line":31,"column":12},"end":{"line":34,"column":2}},"59":{"start":{"line":35,"column":12},"end":{"line":35,"column":14}},"60":{"start":{"line":38,"column":12},"end":{"line":38,"column":27}},"61":{"start":{"line":39,"column":2},"end":{"line":39,"column":68}},"62":{"start":{"line":43,"column":2},"end":{"line":45,"column":3}},"63":{"start":{"line":44,"column":4},"end":{"line":44,"column":17}},"64":{"start":{"line":47,"column":20},"end":{"line":47,"column":22}},"65":{"start":{"line":48,"column":19},"end":{"line":48,"column":21}},"66":{"start":{"line":49,"column":22},"end":{"line":49,"column":24}},"67":{"start":{"line":50,"column":14},"end":{"line":50,"column":27}},"68":{"start":{"line":51,"column":28},"end":{"line":51,"column":30}},"69":{"start":{"line":53,"column":18},"end":{"line":53,"column":57}},"70":{"start":{"line":56,"column":2},"end":{"line":65,"column":3}},"71":{"start":{"line":57,"column":4},"end":{"line":60,"column":5}},"72":{"start":{"line":58,"column":14},"end":{"line":58,"column":25}},"73":{"start":{"line":59,"column":6},"end":{"line":59,"column":23}},"74":{"start":{"line":62,"column":4},"end":{"line":62,"column":21}},"75":{"start":{"line":64,"column":4},"end":{"line":64,"column":18}},"76":{"start":{"line":67,"column":2},"end":{"line":67,"column":13}},"77":{"start":{"line":70,"column":4},"end":{"line":78,"column":5}},"78":{"start":{"line":71,"column":6},"end":{"line":71,"column":31}},"79":{"start":{"line":72,"column":11},"end":{"line":78,"column":5}},"80":{"start":{"line":73,"column":6},"end":{"line":73,"column":28}},"81":{"start":{"line":74,"column":11},"end":{"line":78,"column":5}},"82":{"start":{"line":75,"column":6},"end":{"line":75,"column":13}},"83":{"start":{"line":77,"column":6},"end":{"line":77,"column":29}},"84":{"start":{"line":82,"column":4},"end":{"line":89,"column":5}},"85":{"start":{"line":83,"column":6},"end":{"line":83,"column":46}},"86":{"start":{"line":84,"column":6},"end":{"line":84,"column":31}},"87":{"start":{"line":85,"column":6},"end":{"line":85,"column":30}},"88":{"start":{"line":87,"column":6},"end":{"line":87,"column":31}},"89":{"start":{"line":88,"column":6},"end":{"line":88,"column":31}},"90":{"start":{"line":93,"column":4},"end":{"line":100,"column":5}},"91":{"start":{"line":94,"column":6},"end":{"line":94,"column":43}},"92":{"start":{"line":95,"column":6},"end":{"line":95,"column":31}},"93":{"start":{"line":96,"column":6},"end":{"line":96,"column":30}},"94":{"start":{"line":98,"column":6},"end":{"line":98,"column":31}},"95":{"start":{"line":99,"column":6},"end":{"line":99,"column":28}},"96":{"start":{"line":104,"column":4},"end":{"line":111,"column":5}},"97":{"start":{"line":105,"column":6},"end":{"line":105,"column":44}},"98":{"start":{"line":106,"column":6},"end":{"line":106,"column":31}},"99":{"start":{"line":107,"column":6},"end":{"line":107,"column":30}},"100":{"start":{"line":109,"column":6},"end":{"line":109,"column":31}},"101":{"start":{"line":110,"column":6},"end":{"line":110,"column":26}},"102":{"start":{"line":114,"column":14},"end":{"line":114,"column":15}},"103":{"start":{"line":116,"column":2},"end":{"line":128,"column":3}},"104":{"start":{"line":117,"column":15},"end":{"line":119,"column":9}},"105":{"start":{"line":118,"column":6},"end":{"line":118,"column":32}},"106":{"start":{"line":121,"column":4},"end":{"line":127,"column":5}},"107":{"start":{"line":122,"column":16},"end":{"line":122,"column":37}},"108":{"start":{"line":124,"column":6},"end":{"line":126,"column":7}},"109":{"start":{"line":124,"column":19},"end":{"line":124,"column":20}},"110":{"start":{"line":125,"column":8},"end":{"line":125,"column":49}},"111":{"start":{"line":125,"column":41},"end":{"line":125,"column":49}},"112":{"start":{"line":130,"column":2},"end":{"line":142,"column":3}},"113":{"start":{"line":131,"column":16},"end":{"line":133,"column":9}},"114":{"start":{"line":132,"column":6},"end":{"line":132,"column":35}},"115":{"start":{"line":135,"column":4},"end":{"line":141,"column":5}},"116":{"start":{"line":136,"column":23},"end":{"line":136,"column":45}},"117":{"start":{"line":138,"column":6},"end":{"line":140,"column":7}},"118":{"start":{"line":138,"column":20},"end":{"line":138,"column":21}},"119":{"start":{"line":139,"column":8},"end":{"line":139,"column":60}},"120":{"start":{"line":139,"column":52},"end":{"line":139,"column":60}},"121":{"start":{"line":144,"column":2},"end":{"line":148,"column":3}},"122":{"start":{"line":145,"column":4},"end":{"line":147,"column":5}},"123":{"start":{"line":146,"column":6},"end":{"line":146,"column":14}},"124":{"start":{"line":150,"column":18},"end":{"line":150,"column":79}},"125":{"start":{"line":151,"column":2},"end":{"line":151,"column":29}},"126":{"start":{"line":155,"column":10},"end":{"line":155,"column":22}},"127":{"start":{"line":156,"column":20},"end":{"line":156,"column":22}},"128":{"start":{"line":157,"column":19},"end":{"line":157,"column":21}},"129":{"start":{"line":158,"column":22},"end":{"line":158,"column":24}},"130":{"start":{"line":159,"column":14},"end":{"line":159,"column":27}},"131":{"start":{"line":160,"column":28},"end":{"line":160,"column":30}},"132":{"start":{"line":162,"column":19},"end":{"line":162,"column":55}},"133":{"start":{"line":165,"column":2},"end":{"line":174,"column":3}},"134":{"start":{"line":166,"column":4},"end":{"line":169,"column":5}},"135":{"start":{"line":167,"column":14},"end":{"line":167,"column":26}},"136":{"start":{"line":168,"column":6},"end":{"line":168,"column":23}},"137":{"start":{"line":171,"column":4},"end":{"line":171,"column":22}},"138":{"start":{"line":173,"column":4},"end":{"line":173,"column":19}},"139":{"start":{"line":176,"column":2},"end":{"line":176,"column":13}},"140":{"start":{"line":177,"column":2},"end":{"line":177,"column":27}},"141":{"start":{"line":178,"column":2},"end":{"line":178,"column":30}},"142":{"start":{"line":179,"column":2},"end":{"line":179,"column":28}},"143":{"start":{"line":180,"column":2},"end":{"line":180,"column":11}},"144":{"start":{"line":183,"column":4},"end":{"line":193,"column":5}},"145":{"start":{"line":184,"column":6},"end":{"line":184,"column":31}},"146":{"start":{"line":185,"column":11},"end":{"line":193,"column":5}},"147":{"start":{"line":186,"column":6},"end":{"line":186,"column":28}},"148":{"start":{"line":187,"column":11},"end":{"line":193,"column":5}},"149":{"start":{"line":188,"column":6},"end":{"line":188,"column":13}},"150":{"start":{"line":189,"column":11},"end":{"line":193,"column":5}},"151":{"start":{"line":190,"column":6},"end":{"line":190,"column":27}},"152":{"start":{"line":192,"column":6},"end":{"line":192,"column":29}},"153":{"start":{"line":197,"column":4},"end":{"line":204,"column":5}},"154":{"start":{"line":198,"column":6},"end":{"line":198,"column":46}},"155":{"start":{"line":199,"column":6},"end":{"line":199,"column":31}},"156":{"start":{"line":200,"column":6},"end":{"line":200,"column":30}},"157":{"start":{"line":202,"column":6},"end":{"line":202,"column":31}},"158":{"start":{"line":203,"column":6},"end":{"line":203,"column":31}},"159":{"start":{"line":208,"column":4},"end":{"line":215,"column":5}},"160":{"start":{"line":209,"column":6},"end":{"line":209,"column":43}},"161":{"start":{"line":210,"column":6},"end":{"line":210,"column":31}},"162":{"start":{"line":211,"column":6},"end":{"line":211,"column":30}},"163":{"start":{"line":213,"column":6},"end":{"line":213,"column":31}},"164":{"start":{"line":214,"column":6},"end":{"line":214,"column":28}},"165":{"start":{"line":219,"column":4},"end":{"line":226,"column":5}},"166":{"start":{"line":220,"column":6},"end":{"line":220,"column":44}},"167":{"start":{"line":221,"column":6},"end":{"line":221,"column":31}},"168":{"start":{"line":222,"column":6},"end":{"line":222,"column":30}},"169":{"start":{"line":224,"column":6},"end":{"line":224,"column":31}},"170":{"start":{"line":225,"column":6},"end":{"line":225,"column":26}},"171":{"start":{"line":231,"column":2},"end":{"line":231,"column":46}},"172":{"start":{"line":231,"column":23},"end":{"line":231,"column":46}},"173":{"start":{"line":232,"column":2},"end":{"line":232,"column":46}},"174":{"start":{"line":232,"column":23},"end":{"line":232,"column":46}},"175":{"start":{"line":233,"column":2},"end":{"line":233,"column":46}},"176":{"start":{"line":233,"column":23},"end":{"line":233,"column":46}},"177":{"start":{"line":234,"column":2},"end":{"line":234,"column":25}},"178":{"start":{"line":239,"column":17},"end":{"line":239,"column":40}},"179":{"start":{"line":240,"column":2},"end":{"line":240,"column":57}},"180":{"start":{"line":240,"column":30},"end":{"line":240,"column":57}},"181":{"start":{"line":242,"column":19},"end":{"line":242,"column":52}},"182":{"start":{"line":245,"column":2},"end":{"line":291,"column":3}},"183":{"start":{"line":246,"column":4},"end":{"line":286,"column":5}},"184":{"start":{"line":247,"column":17},"end":{"line":247,"column":29}},"185":{"start":{"line":248,"column":26},"end":{"line":248,"column":64}},"186":{"start":{"line":249,"column":6},"end":{"line":249,"column":54}},"187":{"start":{"line":249,"column":45},"end":{"line":249,"column":54}},"188":{"start":{"line":250,"column":20},"end":{"line":250,"column":25}},"189":{"start":{"line":251,"column":14},"end":{"line":251,"column":15}},"190":{"start":{"line":253,"column":6},"end":{"line":257,"column":7}},"191":{"start":{"line":253,"column":19},"end":{"line":253,"column":20}},"192":{"start":{"line":254,"column":8},"end":{"line":256,"column":9}},"193":{"start":{"line":255,"column":10},"end":{"line":255,"column":14}},"194":{"start":{"line":259,"column":6},"end":{"line":259,"column":52}},"195":{"start":{"line":259,"column":37},"end":{"line":259,"column":52}},"196":{"start":{"line":261,"column":6},"end":{"line":285,"column":7}},"197":{"start":{"line":262,"column":17},"end":{"line":262,"column":47}},"198":{"start":{"line":263,"column":28},"end":{"line":263,"column":49}},"199":{"start":{"line":265,"column":25},"end":{"line":265,"column":70}},"200":{"start":{"line":268,"column":8},"end":{"line":284,"column":9}},"201":{"start":{"line":269,"column":10},"end":{"line":279,"column":11}},"202":{"start":{"line":270,"column":30},"end":{"line":270,"column":42}},"203":{"start":{"line":271,"column":12},"end":{"line":271,"column":95}},"204":{"start":{"line":271,"column":54},"end":{"line":271,"column":95}},"205":{"start":{"line":273,"column":12},"end":{"line":276,"column":151}},"206":{"start":{"line":274,"column":14},"end":{"line":274,"column":76}},"207":{"start":{"line":275,"column":14},"end":{"line":275,"column":67}},"208":{"start":{"line":276,"column":19},"end":{"line":276,"column":151}},"209":{"start":{"line":276,"column":89},"end":{"line":276,"column":151}},"210":{"start":{"line":278,"column":12},"end":{"line":278,"column":65}},"211":{"start":{"line":281,"column":10},"end":{"line":281,"column":28}},"212":{"start":{"line":283,"column":10},"end":{"line":283,"column":25}},"213":{"start":{"line":288,"column":4},"end":{"line":288,"column":22}},"214":{"start":{"line":290,"column":4},"end":{"line":290,"column":19}},"215":{"start":{"line":295,"column":12},"end":{"line":295,"column":35}},"216":{"start":{"line":297,"column":2},"end":{"line":347,"column":3}},"217":{"start":{"line":298,"column":18},"end":{"line":302,"column":5}},"218":{"start":{"line":303,"column":4},"end":{"line":303,"column":36}},"219":{"start":{"line":305,"column":4},"end":{"line":312,"column":5}},"220":{"start":{"line":306,"column":6},"end":{"line":311,"column":7}},"221":{"start":{"line":307,"column":8},"end":{"line":310,"column":11}},"222":{"start":{"line":314,"column":4},"end":{"line":314,"column":24}},"223":{"start":{"line":315,"column":4},"end":{"line":315,"column":31}},"224":{"start":{"line":316,"column":4},"end":{"line":316,"column":25}},"225":{"start":{"line":318,"column":4},"end":{"line":320,"column":5}},"226":{"start":{"line":319,"column":6},"end":{"line":319,"column":26}},"227":{"start":{"line":322,"column":4},"end":{"line":322,"column":27}},"228":{"start":{"line":323,"column":9},"end":{"line":347,"column":3}},"229":{"start":{"line":324,"column":4},"end":{"line":334,"column":5}},"230":{"start":{"line":325,"column":6},"end":{"line":325,"column":56}},"231":{"start":{"line":328,"column":6},"end":{"line":330,"column":7}},"232":{"start":{"line":329,"column":8},"end":{"line":329,"column":45}},"233":{"start":{"line":332,"column":6},"end":{"line":332,"column":18}},"234":{"start":{"line":333,"column":6},"end":{"line":333,"column":18}},"235":{"start":{"line":336,"column":4},"end":{"line":336,"column":27}},"236":{"start":{"line":337,"column":9},"end":{"line":347,"column":3}},"237":{"start":{"line":338,"column":4},"end":{"line":344,"column":5}},"238":{"start":{"line":339,"column":6},"end":{"line":342,"column":8}},"239":{"start":{"line":343,"column":6},"end":{"line":343,"column":41}},"240":{"start":{"line":346,"column":4},"end":{"line":346,"column":45}},"241":{"start":{"line":351,"column":2},"end":{"line":364,"column":3}},"242":{"start":{"line":352,"column":4},"end":{"line":352,"column":19}},"243":{"start":{"line":353,"column":9},"end":{"line":364,"column":3}},"244":{"start":{"line":354,"column":4},"end":{"line":356,"column":7}},"245":{"start":{"line":357,"column":4},"end":{"line":357,"column":11}},"246":{"start":{"line":359,"column":4},"end":{"line":362,"column":7}},"247":{"start":{"line":363,"column":4},"end":{"line":363,"column":16}},"248":{"start":{"line":368,"column":2},"end":{"line":378,"column":3}},"249":{"start":{"line":369,"column":4},"end":{"line":369,"column":22}},"250":{"start":{"line":370,"column":9},"end":{"line":378,"column":3}},"251":{"start":{"line":371,"column":4},"end":{"line":374,"column":6}},"252":{"start":{"line":375,"column":4},"end":{"line":375,"column":22}},"253":{"start":{"line":377,"column":4},"end":{"line":377,"column":11}},"254":{"start":{"line":382,"column":2},"end":{"line":388,"column":57}},"255":{"start":{"line":383,"column":4},"end":{"line":386,"column":6}},"256":{"start":{"line":387,"column":4},"end":{"line":387,"column":22}},"257":{"start":{"line":388,"column":9},"end":{"line":388,"column":57}},"258":{"start":{"line":388,"column":32},"end":{"line":388,"column":57}},"259":{"start":{"line":392,"column":2},"end":{"line":404,"column":3}},"260":{"start":{"line":393,"column":4},"end":{"line":393,"column":31}},"261":{"start":{"line":394,"column":9},"end":{"line":404,"column":3}},"262":{"start":{"line":395,"column":4},"end":{"line":395,"column":31}},"263":{"start":{"line":396,"column":9},"end":{"line":404,"column":3}},"264":{"start":{"line":397,"column":4},"end":{"line":397,"column":30}},"265":{"start":{"line":398,"column":4},"end":{"line":398,"column":19}},"266":{"start":{"line":399,"column":9},"end":{"line":404,"column":3}},"267":{"start":{"line":400,"column":4},"end":{"line":400,"column":23}},"268":{"start":{"line":401,"column":4},"end":{"line":401,"column":16}},"269":{"start":{"line":403,"column":4},"end":{"line":403,"column":19}},"270":{"start":{"line":408,"column":2},"end":{"line":420,"column":3}},"271":{"start":{"line":409,"column":4},"end":{"line":409,"column":31}},"272":{"start":{"line":410,"column":9},"end":{"line":420,"column":3}},"273":{"start":{"line":411,"column":4},"end":{"line":411,"column":33}},"274":{"start":{"line":412,"column":9},"end":{"line":420,"column":3}},"275":{"start":{"line":413,"column":4},"end":{"line":413,"column":32}},"276":{"start":{"line":415,"column":4},"end":{"line":418,"column":6}},"277":{"start":{"line":419,"column":4},"end":{"line":419,"column":28}},"278":{"start":{"line":424,"column":2},"end":{"line":432,"column":3}},"279":{"start":{"line":425,"column":4},"end":{"line":425,"column":33}},"280":{"start":{"line":426,"column":9},"end":{"line":432,"column":3}},"281":{"start":{"line":427,"column":4},"end":{"line":427,"column":32}},"282":{"start":{"line":428,"column":9},"end":{"line":432,"column":3}},"283":{"start":{"line":428,"column":33},"end":{"line":432,"column":3}},"284":{"start":{"line":428,"column":83},"end":{"line":432,"column":3}},"285":{"start":{"line":430,"column":4},"end":{"line":430,"column":31}},"286":{"start":{"line":431,"column":4},"end":{"line":431,"column":25}},"287":{"start":{"line":436,"column":2},"end":{"line":454,"column":3}},"288":{"start":{"line":437,"column":4},"end":{"line":437,"column":30}},"289":{"start":{"line":438,"column":9},"end":{"line":454,"column":3}},"290":{"start":{"line":439,"column":4},"end":{"line":439,"column":31}},"291":{"start":{"line":440,"column":9},"end":{"line":454,"column":3}},"292":{"start":{"line":441,"column":4},"end":{"line":441,"column":32}},"293":{"start":{"line":442,"column":9},"end":{"line":454,"column":3}},"294":{"start":{"line":443,"column":4},"end":{"line":443,"column":65}},"295":{"start":{"line":444,"column":4},"end":{"line":444,"column":23}},"296":{"start":{"line":445,"column":4},"end":{"line":445,"column":16}},"297":{"start":{"line":446,"column":9},"end":{"line":454,"column":3}},"298":{"start":{"line":448,"column":4},"end":{"line":448,"column":65}},"299":{"start":{"line":449,"column":4},"end":{"line":452,"column":6}},"300":{"start":{"line":453,"column":4},"end":{"line":453,"column":28}},"301":{"start":{"line":458,"column":2},"end":{"line":467,"column":3}},"302":{"start":{"line":459,"column":4},"end":{"line":459,"column":32}},"303":{"start":{"line":460,"column":9},"end":{"line":467,"column":3}},"304":{"start":{"line":461,"column":4},"end":{"line":461,"column":38}},"305":{"start":{"line":462,"column":9},"end":{"line":467,"column":3}},"306":{"start":{"line":463,"column":4},"end":{"line":463,"column":38}},"307":{"start":{"line":464,"column":9},"end":{"line":467,"column":3}},"308":{"start":{"line":466,"column":4},"end":{"line":466,"column":37}},"309":{"start":{"line":471,"column":2},"end":{"line":477,"column":3}},"310":{"start":{"line":472,"column":4},"end":{"line":472,"column":65}},"311":{"start":{"line":473,"column":4},"end":{"line":473,"column":37}},"312":{"start":{"line":474,"column":9},"end":{"line":477,"column":3}},"313":{"start":{"line":474,"column":33},"end":{"line":477,"column":3}},"314":{"start":{"line":475,"column":4},"end":{"line":475,"column":32}},"315":{"start":{"line":476,"column":4},"end":{"line":476,"column":38}},"316":{"start":{"line":481,"column":2},"end":{"line":487,"column":3}},"317":{"start":{"line":482,"column":4},"end":{"line":482,"column":61}},"318":{"start":{"line":483,"column":4},"end":{"line":483,"column":11}},"319":{"start":{"line":484,"column":9},"end":{"line":487,"column":3}},"320":{"start":{"line":484,"column":33},"end":{"line":487,"column":3}},"321":{"start":{"line":485,"column":4},"end":{"line":485,"column":32}},"322":{"start":{"line":486,"column":4},"end":{"line":486,"column":38}},"323":{"start":{"line":491,"column":2},"end":{"line":502,"column":3}},"324":{"start":{"line":492,"column":4},"end":{"line":492,"column":31}},"325":{"start":{"line":493,"column":9},"end":{"line":502,"column":3}},"326":{"start":{"line":494,"column":4},"end":{"line":494,"column":31}},"327":{"start":{"line":495,"column":9},"end":{"line":502,"column":3}},"328":{"start":{"line":496,"column":4},"end":{"line":496,"column":65}},"329":{"start":{"line":497,"column":4},"end":{"line":497,"column":23}},"330":{"start":{"line":498,"column":4},"end":{"line":498,"column":16}},"331":{"start":{"line":499,"column":9},"end":{"line":502,"column":3}},"332":{"start":{"line":500,"column":4},"end":{"line":500,"column":32}},"333":{"start":{"line":501,"column":4},"end":{"line":501,"column":38}},"334":{"start":{"line":506,"column":2},"end":{"line":519,"column":3}},"335":{"start":{"line":507,"column":4},"end":{"line":507,"column":65}},"336":{"start":{"line":508,"column":4},"end":{"line":508,"column":31}},"337":{"start":{"line":509,"column":9},"end":{"line":519,"column":3}},"338":{"start":{"line":510,"column":4},"end":{"line":510,"column":65}},"339":{"start":{"line":511,"column":4},"end":{"line":511,"column":31}},"340":{"start":{"line":512,"column":9},"end":{"line":519,"column":3}},"341":{"start":{"line":513,"column":4},"end":{"line":513,"column":65}},"342":{"start":{"line":514,"column":4},"end":{"line":514,"column":23}},"343":{"start":{"line":515,"column":4},"end":{"line":515,"column":16}},"344":{"start":{"line":516,"column":9},"end":{"line":519,"column":3}},"345":{"start":{"line":516,"column":33},"end":{"line":519,"column":3}},"346":{"start":{"line":516,"column":109},"end":{"line":519,"column":3}},"347":{"start":{"line":517,"column":4},"end":{"line":517,"column":32}},"348":{"start":{"line":518,"column":4},"end":{"line":518,"column":34}},"349":{"start":{"line":523,"column":2},"end":{"line":529,"column":5}},"350":{"start":{"line":524,"column":4},"end":{"line":524,"column":38}},"351":{"start":{"line":525,"column":4},"end":{"line":525,"column":23}},"352":{"start":{"line":526,"column":4},"end":{"line":526,"column":16}},"353":{"start":{"line":527,"column":9},"end":{"line":529,"column":5}},"354":{"start":{"line":533,"column":14},"end":{"line":533,"column":18}},"355":{"start":{"line":534,"column":2},"end":{"line":534,"column":22}},"356":{"start":{"line":535,"column":2},"end":{"line":535,"column":26}},"357":{"start":{"line":536,"column":2},"end":{"line":536,"column":25}},"358":{"start":{"line":537,"column":2},"end":{"line":540,"column":5}},"359":{"start":{"line":542,"column":19},"end":{"line":542,"column":51}},"360":{"start":{"line":545,"column":2},"end":{"line":556,"column":3}},"361":{"start":{"line":546,"column":4},"end":{"line":551,"column":5}},"362":{"start":{"line":547,"column":14},"end":{"line":547,"column":26}},"363":{"start":{"line":548,"column":6},"end":{"line":548,"column":30}},"364":{"start":{"line":549,"column":6},"end":{"line":549,"column":21}},"365":{"start":{"line":550,"column":6},"end":{"line":550,"column":23}},"366":{"start":{"line":553,"column":4},"end":{"line":553,"column":22}},"367":{"start":{"line":555,"column":4},"end":{"line":555,"column":19}},"368":{"start":{"line":558,"column":2},"end":{"line":558,"column":21}},"369":{"start":{"line":559,"column":2},"end":{"line":559,"column":18}}},"fnMap":{"0":{"name":"_createForOfIteratorHelper","decl":{"start":{"line":8,"column":9},"end":{"line":8,"column":35}},"loc":{"start":{"line":8,"column":55},"end":{"line":8,"column":997}},"line":8},"1":{"name":"F","decl":{"start":{"line":8,"column":296},"end":{"line":8,"column":297}},"loc":{"start":{"line":8,"column":300},"end":{"line":8,"column":302}},"line":8},"2":{"name":"n","decl":{"start":{"line":8,"column":331},"end":{"line":8,"column":332}},"loc":{"start":{"line":8,"column":335},"end":{"line":8,"column":419}},"line":8},"3":{"name":"e","decl":{"start":{"line":8,"column":433},"end":{"line":8,"column":434}},"loc":{"start":{"line":8,"column":439},"end":{"line":8,"column":452}},"line":8},"4":{"name":"s","decl":{"start":{"line":8,"column":695},"end":{"line":8,"column":696}},"loc":{"start":{"line":8,"column":699},"end":{"line":8,"column":729}},"line":8},"5":{"name":"n","decl":{"start":{"line":8,"column":743},"end":{"line":8,"column":744}},"loc":{"start":{"line":8,"column":747},"end":{"line":8,"column":815}},"line":8},"6":{"name":"e","decl":{"start":{"line":8,"column":829},"end":{"line":8,"column":830}},"loc":{"start":{"line":8,"column":836},"end":{"line":8,"column":865}},"line":8},"7":{"name":"f","decl":{"start":{"line":8,"column":879},"end":{"line":8,"column":880}},"loc":{"start":{"line":8,"column":883},"end":{"line":8,"column":992}},"line":8},"8":{"name":"_toConsumableArray","decl":{"start":{"line":10,"column":9},"end":{"line":10,"column":27}},"loc":{"start":{"line":10,"column":33},"end":{"line":10,"column":153}},"line":10},"9":{"name":"_nonIterableSpread","decl":{"start":{"line":12,"column":9},"end":{"line":12,"column":27}},"loc":{"start":{"line":12,"column":30},"end":{"line":12,"column":190}},"line":12},"10":{"name":"_unsupportedIterableToArray","decl":{"start":{"line":14,"column":9},"end":{"line":14,"column":36}},"loc":{"start":{"line":14,"column":48},"end":{"line":14,"column":416}},"line":14},"11":{"name":"_iterableToArray","decl":{"start":{"line":16,"column":9},"end":{"line":16,"column":25}},"loc":{"start":{"line":16,"column":32},"end":{"line":16,"column":130}},"line":16},"12":{"name":"_arrayWithoutHoles","decl":{"start":{"line":18,"column":9},"end":{"line":18,"column":27}},"loc":{"start":{"line":18,"column":33},"end":{"line":18,"column":91}},"line":18},"13":{"name":"_arrayLikeToArray","decl":{"start":{"line":20,"column":9},"end":{"line":20,"column":26}},"loc":{"start":{"line":20,"column":37},"end":{"line":20,"column":183}},"line":20},"14":{"name":"addCSSRules","decl":{"start":{"line":37,"column":9},"end":{"line":37,"column":20}},"loc":{"start":{"line":37,"column":27},"end":{"line":40,"column":1}},"line":37},"15":{"name":"match","decl":{"start":{"line":42,"column":9},"end":{"line":42,"column":14}},"loc":{"start":{"line":42,"column":37},"end":{"line":152,"column":1}},"line":42},"16":{"name":"selectorStart","decl":{"start":{"line":69,"column":11},"end":{"line":69,"column":24}},"loc":{"start":{"line":69,"column":28},"end":{"line":79,"column":3}},"line":69},"17":{"name":"classSelectorName","decl":{"start":{"line":81,"column":11},"end":{"line":81,"column":28}},"loc":{"start":{"line":81,"column":32},"end":{"line":90,"column":3}},"line":81},"18":{"name":"idSelectorName","decl":{"start":{"line":92,"column":11},"end":{"line":92,"column":25}},"loc":{"start":{"line":92,"column":29},"end":{"line":101,"column":3}},"line":92},"19":{"name":"selectorName","decl":{"start":{"line":103,"column":11},"end":{"line":103,"column":23}},"loc":{"start":{"line":103,"column":27},"end":{"line":112,"column":3}},"line":103},"20":{"name":"(anonymous_20)","decl":{"start":{"line":117,"column":41},"end":{"line":117,"column":42}},"loc":{"start":{"line":117,"column":57},"end":{"line":119,"column":5}},"line":117},"21":{"name":"(anonymous_21)","decl":{"start":{"line":131,"column":42},"end":{"line":131,"column":43}},"loc":{"start":{"line":131,"column":58},"end":{"line":133,"column":5}},"line":131},"22":{"name":"specificity","decl":{"start":{"line":154,"column":9},"end":{"line":154,"column":20}},"loc":{"start":{"line":154,"column":31},"end":{"line":228,"column":1}},"line":154},"23":{"name":"selectorStart","decl":{"start":{"line":182,"column":11},"end":{"line":182,"column":24}},"loc":{"start":{"line":182,"column":28},"end":{"line":194,"column":3}},"line":182},"24":{"name":"classSelectorName","decl":{"start":{"line":196,"column":11},"end":{"line":196,"column":28}},"loc":{"start":{"line":196,"column":32},"end":{"line":205,"column":3}},"line":196},"25":{"name":"idSelectorName","decl":{"start":{"line":207,"column":11},"end":{"line":207,"column":25}},"loc":{"start":{"line":207,"column":29},"end":{"line":216,"column":3}},"line":207},"26":{"name":"selectorName","decl":{"start":{"line":218,"column":11},"end":{"line":218,"column":23}},"loc":{"start":{"line":218,"column":27},"end":{"line":227,"column":3}},"line":218},"27":{"name":"compare","decl":{"start":{"line":230,"column":9},"end":{"line":230,"column":16}},"loc":{"start":{"line":230,"column":27},"end":{"line":235,"column":1}},"line":230},"28":{"name":"computeCSS","decl":{"start":{"line":238,"column":9},"end":{"line":238,"column":19}},"loc":{"start":{"line":238,"column":29},"end":{"line":292,"column":1}},"line":238},"29":{"name":"emit","decl":{"start":{"line":294,"column":9},"end":{"line":294,"column":13}},"loc":{"start":{"line":294,"column":21},"end":{"line":348,"column":1}},"line":294},"30":{"name":"data","decl":{"start":{"line":350,"column":9},"end":{"line":350,"column":13}},"loc":{"start":{"line":350,"column":17},"end":{"line":365,"column":1}},"line":350},"31":{"name":"tagOpen","decl":{"start":{"line":367,"column":9},"end":{"line":367,"column":16}},"loc":{"start":{"line":367,"column":20},"end":{"line":379,"column":1}},"line":367},"32":{"name":"endTagOpen","decl":{"start":{"line":381,"column":9},"end":{"line":381,"column":19}},"loc":{"start":{"line":381,"column":23},"end":{"line":389,"column":1}},"line":381},"33":{"name":"tagName","decl":{"start":{"line":391,"column":9},"end":{"line":391,"column":16}},"loc":{"start":{"line":391,"column":20},"end":{"line":405,"column":1}},"line":391},"34":{"name":"beforeAttributeName","decl":{"start":{"line":407,"column":9},"end":{"line":407,"column":28}},"loc":{"start":{"line":407,"column":32},"end":{"line":421,"column":1}},"line":407},"35":{"name":"attributeName","decl":{"start":{"line":423,"column":9},"end":{"line":423,"column":22}},"loc":{"start":{"line":423,"column":26},"end":{"line":433,"column":1}},"line":423},"36":{"name":"afterAttributeName","decl":{"start":{"line":435,"column":9},"end":{"line":435,"column":27}},"loc":{"start":{"line":435,"column":31},"end":{"line":455,"column":1}},"line":435},"37":{"name":"beforeAttributeValue","decl":{"start":{"line":457,"column":9},"end":{"line":457,"column":29}},"loc":{"start":{"line":457,"column":33},"end":{"line":468,"column":1}},"line":457},"38":{"name":"doubleQuotedAttributeValue","decl":{"start":{"line":470,"column":9},"end":{"line":470,"column":35}},"loc":{"start":{"line":470,"column":39},"end":{"line":478,"column":1}},"line":470},"39":{"name":"singleQuotedAttributeValue","decl":{"start":{"line":480,"column":9},"end":{"line":480,"column":35}},"loc":{"start":{"line":480,"column":39},"end":{"line":488,"column":1}},"line":480},"40":{"name":"afterQuotedAttributeValue","decl":{"start":{"line":490,"column":9},"end":{"line":490,"column":34}},"loc":{"start":{"line":490,"column":38},"end":{"line":503,"column":1}},"line":490},"41":{"name":"UnquotedAttributeValue","decl":{"start":{"line":505,"column":9},"end":{"line":505,"column":31}},"loc":{"start":{"line":505,"column":35},"end":{"line":520,"column":1}},"line":505},"42":{"name":"selfClosingStartTag","decl":{"start":{"line":522,"column":9},"end":{"line":522,"column":28}},"loc":{"start":{"line":522,"column":32},"end":{"line":530,"column":1}},"line":522},"43":{"name":"parseHTML","decl":{"start":{"line":532,"column":9},"end":{"line":532,"column":18}},"loc":{"start":{"line":532,"column":25},"end":{"line":560,"column":1}},"line":532}},"branchMap":{"0":{"loc":{"start":{"line":8,"column":65},"end":{"line":8,"column":623}},"type":"if","locations":[{"start":{"line":8,"column":65},"end":{"line":8,"column":623}},{"start":{"line":8,"column":65},"end":{"line":8,"column":623}}],"line":8},"1":{"loc":{"start":{"line":8,"column":69},"end":{"line":8,"column":128}},"type":"binary-expr","locations":[{"start":{"line":8,"column":69},"end":{"line":8,"column":98}},{"start":{"line":8,"column":102},"end":{"line":8,"column":128}}],"line":8},"2":{"loc":{"start":{"line":8,"column":132},"end":{"line":8,"column":463}},"type":"if","locations":[{"start":{"line":8,"column":132},"end":{"line":8,"column":463}},{"start":{"line":8,"column":132},"end":{"line":8,"column":463}}],"line":8},"3":{"loc":{"start":{"line":8,"column":136},"end":{"line":8,"column":248}},"type":"binary-expr","locations":[{"start":{"line":8,"column":136},"end":{"line":8,"column":152}},{"start":{"line":8,"column":157},"end":{"line":8,"column":192}},{"start":{"line":8,"column":197},"end":{"line":8,"column":211}},{"start":{"line":8,"column":215},"end":{"line":8,"column":216}},{"start":{"line":8,"column":220},"end":{"line":8,"column":248}}],"line":8},"4":{"loc":{"start":{"line":8,"column":252},"end":{"line":8,"column":267}},"type":"if","locations":[{"start":{"line":8,"column":252},"end":{"line":8,"column":267}},{"start":{"line":8,"column":252},"end":{"line":8,"column":267}}],"line":8},"5":{"loc":{"start":{"line":8,"column":337},"end":{"line":8,"column":378}},"type":"if","locations":[{"start":{"line":8,"column":337},"end":{"line":8,"column":378}},{"start":{"line":8,"column":337},"end":{"line":8,"column":378}}],"line":8},"6":{"loc":{"start":{"line":8,"column":891},"end":{"line":8,"column":953}},"type":"if","locations":[{"start":{"line":8,"column":891},"end":{"line":8,"column":953}},{"start":{"line":8,"column":891},"end":{"line":8,"column":953}}],"line":8},"7":{"loc":{"start":{"line":8,"column":895},"end":{"line":8,"column":936}},"type":"binary-expr","locations":[{"start":{"line":8,"column":895},"end":{"line":8,"column":912}},{"start":{"line":8,"column":916},"end":{"line":8,"column":936}}],"line":8},"8":{"loc":{"start":{"line":8,"column":966},"end":{"line":8,"column":988}},"type":"if","locations":[{"start":{"line":8,"column":966},"end":{"line":8,"column":988}},{"start":{"line":8,"column":966},"end":{"line":8,"column":988}}],"line":8},"9":{"loc":{"start":{"line":10,"column":42},"end":{"line":10,"column":150}},"type":"binary-expr","locations":[{"start":{"line":10,"column":42},"end":{"line":10,"column":65}},{"start":{"line":10,"column":69},"end":{"line":10,"column":90}},{"start":{"line":10,"column":94},"end":{"line":10,"column":126}},{"start":{"line":10,"column":130},"end":{"line":10,"column":150}}],"line":10},"10":{"loc":{"start":{"line":14,"column":50},"end":{"line":14,"column":65}},"type":"if","locations":[{"start":{"line":14,"column":50},"end":{"line":14,"column":65}},{"start":{"line":14,"column":50},"end":{"line":14,"column":65}}],"line":14},"11":{"loc":{"start":{"line":14,"column":66},"end":{"line":14,"column":129}},"type":"if","locations":[{"start":{"line":14,"column":66},"end":{"line":14,"column":129}},{"start":{"line":14,"column":66},"end":{"line":14,"column":129}}],"line":14},"12":{"loc":{"start":{"line":14,"column":186},"end":{"line":14,"column":246}},"type":"if","locations":[{"start":{"line":14,"column":186},"end":{"line":14,"column":246}},{"start":{"line":14,"column":186},"end":{"line":14,"column":246}}],"line":14},"13":{"loc":{"start":{"line":14,"column":190},"end":{"line":14,"column":221}},"type":"binary-expr","locations":[{"start":{"line":14,"column":190},"end":{"line":14,"column":204}},{"start":{"line":14,"column":208},"end":{"line":14,"column":221}}],"line":14},"14":{"loc":{"start":{"line":14,"column":247},"end":{"line":14,"column":300}},"type":"if","locations":[{"start":{"line":14,"column":247},"end":{"line":14,"column":300}},{"start":{"line":14,"column":247},"end":{"line":14,"column":300}}],"line":14},"15":{"loc":{"start":{"line":14,"column":251},"end":{"line":14,"column":277}},"type":"binary-expr","locations":[{"start":{"line":14,"column":251},"end":{"line":14,"column":262}},{"start":{"line":14,"column":266},"end":{"line":14,"column":277}}],"line":14},"16":{"loc":{"start":{"line":14,"column":301},"end":{"line":14,"column":414}},"type":"if","locations":[{"start":{"line":14,"column":301},"end":{"line":14,"column":414}},{"start":{"line":14,"column":301},"end":{"line":14,"column":414}}],"line":14},"17":{"loc":{"start":{"line":14,"column":305},"end":{"line":14,"column":376}},"type":"binary-expr","locations":[{"start":{"line":14,"column":305},"end":{"line":14,"column":322}},{"start":{"line":14,"column":326},"end":{"line":14,"column":376}}],"line":14},"18":{"loc":{"start":{"line":16,"column":34},"end":{"line":16,"column":128}},"type":"if","locations":[{"start":{"line":16,"column":34},"end":{"line":16,"column":128}},{"start":{"line":16,"column":34},"end":{"line":16,"column":128}}],"line":16},"19":{"loc":{"start":{"line":16,"column":38},"end":{"line":16,"column":102}},"type":"binary-expr","locations":[{"start":{"line":16,"column":38},"end":{"line":16,"column":67}},{"start":{"line":16,"column":71},"end":{"line":16,"column":102}}],"line":16},"20":{"loc":{"start":{"line":18,"column":35},"end":{"line":18,"column":89}},"type":"if","locations":[{"start":{"line":18,"column":35},"end":{"line":18,"column":89}},{"start":{"line":18,"column":35},"end":{"line":18,"column":89}}],"line":18},"21":{"loc":{"start":{"line":20,"column":39},"end":{"line":20,"column":93}},"type":"if","locations":[{"start":{"line":20,"column":39},"end":{"line":20,"column":93}},{"start":{"line":20,"column":39},"end":{"line":20,"column":93}}],"line":20},"22":{"loc":{"start":{"line":20,"column":43},"end":{"line":20,"column":74}},"type":"binary-expr","locations":[{"start":{"line":20,"column":43},"end":{"line":20,"column":54}},{"start":{"line":20,"column":58},"end":{"line":20,"column":74}}],"line":20},"23":{"loc":{"start":{"line":43,"column":2},"end":{"line":45,"column":3}},"type":"if","locations":[{"start":{"line":43,"column":2},"end":{"line":45,"column":3}},{"start":{"line":43,"column":2},"end":{"line":45,"column":3}}],"line":43},"24":{"loc":{"start":{"line":43,"column":6},"end":{"line":43,"column":41}},"type":"binary-expr","locations":[{"start":{"line":43,"column":6},"end":{"line":43,"column":18}},{"start":{"line":43,"column":22},"end":{"line":43,"column":41}}],"line":43},"25":{"loc":{"start":{"line":70,"column":4},"end":{"line":78,"column":5}},"type":"if","locations":[{"start":{"line":70,"column":4},"end":{"line":78,"column":5}},{"start":{"line":70,"column":4},"end":{"line":78,"column":5}}],"line":70},"26":{"loc":{"start":{"line":72,"column":11},"end":{"line":78,"column":5}},"type":"if","locations":[{"start":{"line":72,"column":11},"end":{"line":78,"column":5}},{"start":{"line":72,"column":11},"end":{"line":78,"column":5}}],"line":72},"27":{"loc":{"start":{"line":74,"column":11},"end":{"line":78,"column":5}},"type":"if","locations":[{"start":{"line":74,"column":11},"end":{"line":78,"column":5}},{"start":{"line":74,"column":11},"end":{"line":78,"column":5}}],"line":74},"28":{"loc":{"start":{"line":82,"column":4},"end":{"line":89,"column":5}},"type":"if","locations":[{"start":{"line":82,"column":4},"end":{"line":89,"column":5}},{"start":{"line":82,"column":4},"end":{"line":89,"column":5}}],"line":82},"29":{"loc":{"start":{"line":82,"column":8},"end":{"line":82,"column":43}},"type":"binary-expr","locations":[{"start":{"line":82,"column":8},"end":{"line":82,"column":17}},{"start":{"line":82,"column":21},"end":{"line":82,"column":30}},{"start":{"line":82,"column":34},"end":{"line":82,"column":43}}],"line":82},"30":{"loc":{"start":{"line":93,"column":4},"end":{"line":100,"column":5}},"type":"if","locations":[{"start":{"line":93,"column":4},"end":{"line":100,"column":5}},{"start":{"line":93,"column":4},"end":{"line":100,"column":5}}],"line":93},"31":{"loc":{"start":{"line":93,"column":8},"end":{"line":93,"column":43}},"type":"binary-expr","locations":[{"start":{"line":93,"column":8},"end":{"line":93,"column":17}},{"start":{"line":93,"column":21},"end":{"line":93,"column":30}},{"start":{"line":93,"column":34},"end":{"line":93,"column":43}}],"line":93},"32":{"loc":{"start":{"line":104,"column":4},"end":{"line":111,"column":5}},"type":"if","locations":[{"start":{"line":104,"column":4},"end":{"line":111,"column":5}},{"start":{"line":104,"column":4},"end":{"line":111,"column":5}}],"line":104},"33":{"loc":{"start":{"line":104,"column":8},"end":{"line":104,"column":43}},"type":"binary-expr","locations":[{"start":{"line":104,"column":8},"end":{"line":104,"column":17}},{"start":{"line":104,"column":21},"end":{"line":104,"column":30}},{"start":{"line":104,"column":34},"end":{"line":104,"column":43}}],"line":104},"34":{"loc":{"start":{"line":116,"column":2},"end":{"line":128,"column":3}},"type":"if","locations":[{"start":{"line":116,"column":2},"end":{"line":128,"column":3}},{"start":{"line":116,"column":2},"end":{"line":128,"column":3}}],"line":116},"35":{"loc":{"start":{"line":121,"column":4},"end":{"line":127,"column":5}},"type":"if","locations":[{"start":{"line":121,"column":4},"end":{"line":127,"column":5}},{"start":{"line":121,"column":4},"end":{"line":127,"column":5}}],"line":121},"36":{"loc":{"start":{"line":125,"column":8},"end":{"line":125,"column":49}},"type":"if","locations":[{"start":{"line":125,"column":8},"end":{"line":125,"column":49}},{"start":{"line":125,"column":8},"end":{"line":125,"column":49}}],"line":125},"37":{"loc":{"start":{"line":130,"column":2},"end":{"line":142,"column":3}},"type":"if","locations":[{"start":{"line":130,"column":2},"end":{"line":142,"column":3}},{"start":{"line":130,"column":2},"end":{"line":142,"column":3}}],"line":130},"38":{"loc":{"start":{"line":135,"column":4},"end":{"line":141,"column":5}},"type":"if","locations":[{"start":{"line":135,"column":4},"end":{"line":141,"column":5}},{"start":{"line":135,"column":4},"end":{"line":141,"column":5}}],"line":135},"39":{"loc":{"start":{"line":139,"column":8},"end":{"line":139,"column":60}},"type":"if","locations":[{"start":{"line":139,"column":8},"end":{"line":139,"column":60}},{"start":{"line":139,"column":8},"end":{"line":139,"column":60}}],"line":139},"40":{"loc":{"start":{"line":144,"column":2},"end":{"line":148,"column":3}},"type":"if","locations":[{"start":{"line":144,"column":2},"end":{"line":148,"column":3}},{"start":{"line":144,"column":2},"end":{"line":148,"column":3}}],"line":144},"41":{"loc":{"start":{"line":145,"column":4},"end":{"line":147,"column":5}},"type":"if","locations":[{"start":{"line":145,"column":4},"end":{"line":147,"column":5}},{"start":{"line":145,"column":4},"end":{"line":147,"column":5}}],"line":145},"42":{"loc":{"start":{"line":183,"column":4},"end":{"line":193,"column":5}},"type":"if","locations":[{"start":{"line":183,"column":4},"end":{"line":193,"column":5}},{"start":{"line":183,"column":4},"end":{"line":193,"column":5}}],"line":183},"43":{"loc":{"start":{"line":185,"column":11},"end":{"line":193,"column":5}},"type":"if","locations":[{"start":{"line":185,"column":11},"end":{"line":193,"column":5}},{"start":{"line":185,"column":11},"end":{"line":193,"column":5}}],"line":185},"44":{"loc":{"start":{"line":187,"column":11},"end":{"line":193,"column":5}},"type":"if","locations":[{"start":{"line":187,"column":11},"end":{"line":193,"column":5}},{"start":{"line":187,"column":11},"end":{"line":193,"column":5}}],"line":187},"45":{"loc":{"start":{"line":189,"column":11},"end":{"line":193,"column":5}},"type":"if","locations":[{"start":{"line":189,"column":11},"end":{"line":193,"column":5}},{"start":{"line":189,"column":11},"end":{"line":193,"column":5}}],"line":189},"46":{"loc":{"start":{"line":197,"column":4},"end":{"line":204,"column":5}},"type":"if","locations":[{"start":{"line":197,"column":4},"end":{"line":204,"column":5}},{"start":{"line":197,"column":4},"end":{"line":204,"column":5}}],"line":197},"47":{"loc":{"start":{"line":197,"column":8},"end":{"line":197,"column":56}},"type":"binary-expr","locations":[{"start":{"line":197,"column":8},"end":{"line":197,"column":17}},{"start":{"line":197,"column":21},"end":{"line":197,"column":30}},{"start":{"line":197,"column":34},"end":{"line":197,"column":43}},{"start":{"line":197,"column":47},"end":{"line":197,"column":56}}],"line":197},"48":{"loc":{"start":{"line":208,"column":4},"end":{"line":215,"column":5}},"type":"if","locations":[{"start":{"line":208,"column":4},"end":{"line":215,"column":5}},{"start":{"line":208,"column":4},"end":{"line":215,"column":5}}],"line":208},"49":{"loc":{"start":{"line":208,"column":8},"end":{"line":208,"column":56}},"type":"binary-expr","locations":[{"start":{"line":208,"column":8},"end":{"line":208,"column":17}},{"start":{"line":208,"column":21},"end":{"line":208,"column":30}},{"start":{"line":208,"column":34},"end":{"line":208,"column":43}},{"start":{"line":208,"column":47},"end":{"line":208,"column":56}}],"line":208},"50":{"loc":{"start":{"line":219,"column":4},"end":{"line":226,"column":5}},"type":"if","locations":[{"start":{"line":219,"column":4},"end":{"line":226,"column":5}},{"start":{"line":219,"column":4},"end":{"line":226,"column":5}}],"line":219},"51":{"loc":{"start":{"line":219,"column":8},"end":{"line":219,"column":56}},"type":"binary-expr","locations":[{"start":{"line":219,"column":8},"end":{"line":219,"column":17}},{"start":{"line":219,"column":21},"end":{"line":219,"column":30}},{"start":{"line":219,"column":34},"end":{"line":219,"column":43}},{"start":{"line":219,"column":47},"end":{"line":219,"column":56}}],"line":219},"52":{"loc":{"start":{"line":231,"column":2},"end":{"line":231,"column":46}},"type":"if","locations":[{"start":{"line":231,"column":2},"end":{"line":231,"column":46}},{"start":{"line":231,"column":2},"end":{"line":231,"column":46}}],"line":231},"53":{"loc":{"start":{"line":232,"column":2},"end":{"line":232,"column":46}},"type":"if","locations":[{"start":{"line":232,"column":2},"end":{"line":232,"column":46}},{"start":{"line":232,"column":2},"end":{"line":232,"column":46}}],"line":232},"54":{"loc":{"start":{"line":233,"column":2},"end":{"line":233,"column":46}},"type":"if","locations":[{"start":{"line":233,"column":2},"end":{"line":233,"column":46}},{"start":{"line":233,"column":2},"end":{"line":233,"column":46}}],"line":233},"55":{"loc":{"start":{"line":240,"column":2},"end":{"line":240,"column":57}},"type":"if","locations":[{"start":{"line":240,"column":2},"end":{"line":240,"column":57}},{"start":{"line":240,"column":2},"end":{"line":240,"column":57}}],"line":240},"56":{"loc":{"start":{"line":249,"column":6},"end":{"line":249,"column":54}},"type":"if","locations":[{"start":{"line":249,"column":6},"end":{"line":249,"column":54}},{"start":{"line":249,"column":6},"end":{"line":249,"column":54}}],"line":249},"57":{"loc":{"start":{"line":254,"column":8},"end":{"line":256,"column":9}},"type":"if","locations":[{"start":{"line":254,"column":8},"end":{"line":256,"column":9}},{"start":{"line":254,"column":8},"end":{"line":256,"column":9}}],"line":254},"58":{"loc":{"start":{"line":259,"column":6},"end":{"line":259,"column":52}},"type":"if","locations":[{"start":{"line":259,"column":6},"end":{"line":259,"column":52}},{"start":{"line":259,"column":6},"end":{"line":259,"column":52}}],"line":259},"59":{"loc":{"start":{"line":261,"column":6},"end":{"line":285,"column":7}},"type":"if","locations":[{"start":{"line":261,"column":6},"end":{"line":285,"column":7}},{"start":{"line":261,"column":6},"end":{"line":285,"column":7}}],"line":261},"60":{"loc":{"start":{"line":271,"column":12},"end":{"line":271,"column":95}},"type":"if","locations":[{"start":{"line":271,"column":12},"end":{"line":271,"column":95}},{"start":{"line":271,"column":12},"end":{"line":271,"column":95}}],"line":271},"61":{"loc":{"start":{"line":273,"column":12},"end":{"line":276,"column":151}},"type":"if","locations":[{"start":{"line":273,"column":12},"end":{"line":276,"column":151}},{"start":{"line":273,"column":12},"end":{"line":276,"column":151}}],"line":273},"62":{"loc":{"start":{"line":276,"column":19},"end":{"line":276,"column":151}},"type":"if","locations":[{"start":{"line":276,"column":19},"end":{"line":276,"column":151}},{"start":{"line":276,"column":19},"end":{"line":276,"column":151}}],"line":276},"63":{"loc":{"start":{"line":297,"column":2},"end":{"line":347,"column":3}},"type":"if","locations":[{"start":{"line":297,"column":2},"end":{"line":347,"column":3}},{"start":{"line":297,"column":2},"end":{"line":347,"column":3}}],"line":297},"64":{"loc":{"start":{"line":306,"column":6},"end":{"line":311,"column":7}},"type":"if","locations":[{"start":{"line":306,"column":6},"end":{"line":311,"column":7}},{"start":{"line":306,"column":6},"end":{"line":311,"column":7}}],"line":306},"65":{"loc":{"start":{"line":306,"column":10},"end":{"line":306,"column":41}},"type":"binary-expr","locations":[{"start":{"line":306,"column":10},"end":{"line":306,"column":22}},{"start":{"line":306,"column":26},"end":{"line":306,"column":41}}],"line":306},"66":{"loc":{"start":{"line":318,"column":4},"end":{"line":320,"column":5}},"type":"if","locations":[{"start":{"line":318,"column":4},"end":{"line":320,"column":5}},{"start":{"line":318,"column":4},"end":{"line":320,"column":5}}],"line":318},"67":{"loc":{"start":{"line":323,"column":9},"end":{"line":347,"column":3}},"type":"if","locations":[{"start":{"line":323,"column":9},"end":{"line":347,"column":3}},{"start":{"line":323,"column":9},"end":{"line":347,"column":3}}],"line":323},"68":{"loc":{"start":{"line":324,"column":4},"end":{"line":334,"column":5}},"type":"if","locations":[{"start":{"line":324,"column":4},"end":{"line":334,"column":5}},{"start":{"line":324,"column":4},"end":{"line":334,"column":5}}],"line":324},"69":{"loc":{"start":{"line":328,"column":6},"end":{"line":330,"column":7}},"type":"if","locations":[{"start":{"line":328,"column":6},"end":{"line":330,"column":7}},{"start":{"line":328,"column":6},"end":{"line":330,"column":7}}],"line":328},"70":{"loc":{"start":{"line":337,"column":9},"end":{"line":347,"column":3}},"type":"if","locations":[{"start":{"line":337,"column":9},"end":{"line":347,"column":3}},{"start":{"line":337,"column":9},"end":{"line":347,"column":3}}],"line":337},"71":{"loc":{"start":{"line":338,"column":4},"end":{"line":344,"column":5}},"type":"if","locations":[{"start":{"line":338,"column":4},"end":{"line":344,"column":5}},{"start":{"line":338,"column":4},"end":{"line":344,"column":5}}],"line":338},"72":{"loc":{"start":{"line":351,"column":2},"end":{"line":364,"column":3}},"type":"if","locations":[{"start":{"line":351,"column":2},"end":{"line":364,"column":3}},{"start":{"line":351,"column":2},"end":{"line":364,"column":3}}],"line":351},"73":{"loc":{"start":{"line":353,"column":9},"end":{"line":364,"column":3}},"type":"if","locations":[{"start":{"line":353,"column":9},"end":{"line":364,"column":3}},{"start":{"line":353,"column":9},"end":{"line":364,"column":3}}],"line":353},"74":{"loc":{"start":{"line":368,"column":2},"end":{"line":378,"column":3}},"type":"if","locations":[{"start":{"line":368,"column":2},"end":{"line":378,"column":3}},{"start":{"line":368,"column":2},"end":{"line":378,"column":3}}],"line":368},"75":{"loc":{"start":{"line":370,"column":9},"end":{"line":378,"column":3}},"type":"if","locations":[{"start":{"line":370,"column":9},"end":{"line":378,"column":3}},{"start":{"line":370,"column":9},"end":{"line":378,"column":3}}],"line":370},"76":{"loc":{"start":{"line":382,"column":2},"end":{"line":388,"column":57}},"type":"if","locations":[{"start":{"line":382,"column":2},"end":{"line":388,"column":57}},{"start":{"line":382,"column":2},"end":{"line":388,"column":57}}],"line":382},"77":{"loc":{"start":{"line":388,"column":9},"end":{"line":388,"column":57}},"type":"if","locations":[{"start":{"line":388,"column":9},"end":{"line":388,"column":57}},{"start":{"line":388,"column":9},"end":{"line":388,"column":57}}],"line":388},"78":{"loc":{"start":{"line":388,"column":32},"end":{"line":388,"column":57}},"type":"if","locations":[{"start":{"line":388,"column":32},"end":{"line":388,"column":57}},{"start":{"line":388,"column":32},"end":{"line":388,"column":57}}],"line":388},"79":{"loc":{"start":{"line":392,"column":2},"end":{"line":404,"column":3}},"type":"if","locations":[{"start":{"line":392,"column":2},"end":{"line":404,"column":3}},{"start":{"line":392,"column":2},"end":{"line":404,"column":3}}],"line":392},"80":{"loc":{"start":{"line":394,"column":9},"end":{"line":404,"column":3}},"type":"if","locations":[{"start":{"line":394,"column":9},"end":{"line":404,"column":3}},{"start":{"line":394,"column":9},"end":{"line":404,"column":3}}],"line":394},"81":{"loc":{"start":{"line":396,"column":9},"end":{"line":404,"column":3}},"type":"if","locations":[{"start":{"line":396,"column":9},"end":{"line":404,"column":3}},{"start":{"line":396,"column":9},"end":{"line":404,"column":3}}],"line":396},"82":{"loc":{"start":{"line":399,"column":9},"end":{"line":404,"column":3}},"type":"if","locations":[{"start":{"line":399,"column":9},"end":{"line":404,"column":3}},{"start":{"line":399,"column":9},"end":{"line":404,"column":3}}],"line":399},"83":{"loc":{"start":{"line":408,"column":2},"end":{"line":420,"column":3}},"type":"if","locations":[{"start":{"line":408,"column":2},"end":{"line":420,"column":3}},{"start":{"line":408,"column":2},"end":{"line":420,"column":3}}],"line":408},"84":{"loc":{"start":{"line":410,"column":9},"end":{"line":420,"column":3}},"type":"if","locations":[{"start":{"line":410,"column":9},"end":{"line":420,"column":3}},{"start":{"line":410,"column":9},"end":{"line":420,"column":3}}],"line":410},"85":{"loc":{"start":{"line":410,"column":13},"end":{"line":410,"column":48}},"type":"binary-expr","locations":[{"start":{"line":410,"column":13},"end":{"line":410,"column":22}},{"start":{"line":410,"column":26},"end":{"line":410,"column":35}},{"start":{"line":410,"column":39},"end":{"line":410,"column":48}}],"line":410},"86":{"loc":{"start":{"line":412,"column":9},"end":{"line":420,"column":3}},"type":"if","locations":[{"start":{"line":412,"column":9},"end":{"line":420,"column":3}},{"start":{"line":412,"column":9},"end":{"line":420,"column":3}}],"line":412},"87":{"loc":{"start":{"line":424,"column":2},"end":{"line":432,"column":3}},"type":"if","locations":[{"start":{"line":424,"column":2},"end":{"line":432,"column":3}},{"start":{"line":424,"column":2},"end":{"line":432,"column":3}}],"line":424},"88":{"loc":{"start":{"line":424,"column":6},"end":{"line":424,"column":54}},"type":"binary-expr","locations":[{"start":{"line":424,"column":6},"end":{"line":424,"column":28}},{"start":{"line":424,"column":32},"end":{"line":424,"column":41}},{"start":{"line":424,"column":45},"end":{"line":424,"column":54}}],"line":424},"89":{"loc":{"start":{"line":426,"column":9},"end":{"line":432,"column":3}},"type":"if","locations":[{"start":{"line":426,"column":9},"end":{"line":432,"column":3}},{"start":{"line":426,"column":9},"end":{"line":432,"column":3}}],"line":426},"90":{"loc":{"start":{"line":428,"column":9},"end":{"line":432,"column":3}},"type":"if","locations":[{"start":{"line":428,"column":9},"end":{"line":432,"column":3}},{"start":{"line":428,"column":9},"end":{"line":432,"column":3}}],"line":428},"91":{"loc":{"start":{"line":428,"column":33},"end":{"line":432,"column":3}},"type":"if","locations":[{"start":{"line":428,"column":33},"end":{"line":432,"column":3}},{"start":{"line":428,"column":33},"end":{"line":432,"column":3}}],"line":428},"92":{"loc":{"start":{"line":428,"column":37},"end":{"line":428,"column":73}},"type":"binary-expr","locations":[{"start":{"line":428,"column":37},"end":{"line":428,"column":47}},{"start":{"line":428,"column":51},"end":{"line":428,"column":60}},{"start":{"line":428,"column":64},"end":{"line":428,"column":73}}],"line":428},"93":{"loc":{"start":{"line":428,"column":83},"end":{"line":432,"column":3}},"type":"if","locations":[{"start":{"line":428,"column":83},"end":{"line":432,"column":3}},{"start":{"line":428,"column":83},"end":{"line":432,"column":3}}],"line":428},"94":{"loc":{"start":{"line":436,"column":2},"end":{"line":454,"column":3}},"type":"if","locations":[{"start":{"line":436,"column":2},"end":{"line":454,"column":3}},{"start":{"line":436,"column":2},"end":{"line":454,"column":3}}],"line":436},"95":{"loc":{"start":{"line":438,"column":9},"end":{"line":454,"column":3}},"type":"if","locations":[{"start":{"line":438,"column":9},"end":{"line":454,"column":3}},{"start":{"line":438,"column":9},"end":{"line":454,"column":3}}],"line":438},"96":{"loc":{"start":{"line":440,"column":9},"end":{"line":454,"column":3}},"type":"if","locations":[{"start":{"line":440,"column":9},"end":{"line":454,"column":3}},{"start":{"line":440,"column":9},"end":{"line":454,"column":3}}],"line":440},"97":{"loc":{"start":{"line":442,"column":9},"end":{"line":454,"column":3}},"type":"if","locations":[{"start":{"line":442,"column":9},"end":{"line":454,"column":3}},{"start":{"line":442,"column":9},"end":{"line":454,"column":3}}],"line":442},"98":{"loc":{"start":{"line":446,"column":9},"end":{"line":454,"column":3}},"type":"if","locations":[{"start":{"line":446,"column":9},"end":{"line":454,"column":3}},{"start":{"line":446,"column":9},"end":{"line":454,"column":3}}],"line":446},"99":{"loc":{"start":{"line":458,"column":2},"end":{"line":467,"column":3}},"type":"if","locations":[{"start":{"line":458,"column":2},"end":{"line":467,"column":3}},{"start":{"line":458,"column":2},"end":{"line":467,"column":3}}],"line":458},"100":{"loc":{"start":{"line":458,"column":6},"end":{"line":458,"column":67}},"type":"binary-expr","locations":[{"start":{"line":458,"column":6},"end":{"line":458,"column":28}},{"start":{"line":458,"column":32},"end":{"line":458,"column":41}},{"start":{"line":458,"column":45},"end":{"line":458,"column":54}},{"start":{"line":458,"column":58},"end":{"line":458,"column":67}}],"line":458},"101":{"loc":{"start":{"line":460,"column":9},"end":{"line":467,"column":3}},"type":"if","locations":[{"start":{"line":460,"column":9},"end":{"line":467,"column":3}},{"start":{"line":460,"column":9},"end":{"line":467,"column":3}}],"line":460},"102":{"loc":{"start":{"line":462,"column":9},"end":{"line":467,"column":3}},"type":"if","locations":[{"start":{"line":462,"column":9},"end":{"line":467,"column":3}},{"start":{"line":462,"column":9},"end":{"line":467,"column":3}}],"line":462},"103":{"loc":{"start":{"line":464,"column":9},"end":{"line":467,"column":3}},"type":"if","locations":[{"start":{"line":464,"column":9},"end":{"line":467,"column":3}},{"start":{"line":464,"column":9},"end":{"line":467,"column":3}}],"line":464},"104":{"loc":{"start":{"line":471,"column":2},"end":{"line":477,"column":3}},"type":"if","locations":[{"start":{"line":471,"column":2},"end":{"line":477,"column":3}},{"start":{"line":471,"column":2},"end":{"line":477,"column":3}}],"line":471},"105":{"loc":{"start":{"line":474,"column":9},"end":{"line":477,"column":3}},"type":"if","locations":[{"start":{"line":474,"column":9},"end":{"line":477,"column":3}},{"start":{"line":474,"column":9},"end":{"line":477,"column":3}}],"line":474},"106":{"loc":{"start":{"line":474,"column":33},"end":{"line":477,"column":3}},"type":"if","locations":[{"start":{"line":474,"column":33},"end":{"line":477,"column":3}},{"start":{"line":474,"column":33},"end":{"line":477,"column":3}}],"line":474},"107":{"loc":{"start":{"line":481,"column":2},"end":{"line":487,"column":3}},"type":"if","locations":[{"start":{"line":481,"column":2},"end":{"line":487,"column":3}},{"start":{"line":481,"column":2},"end":{"line":487,"column":3}}],"line":481},"108":{"loc":{"start":{"line":484,"column":9},"end":{"line":487,"column":3}},"type":"if","locations":[{"start":{"line":484,"column":9},"end":{"line":487,"column":3}},{"start":{"line":484,"column":9},"end":{"line":487,"column":3}}],"line":484},"109":{"loc":{"start":{"line":484,"column":33},"end":{"line":487,"column":3}},"type":"if","locations":[{"start":{"line":484,"column":33},"end":{"line":487,"column":3}},{"start":{"line":484,"column":33},"end":{"line":487,"column":3}}],"line":484},"110":{"loc":{"start":{"line":491,"column":2},"end":{"line":502,"column":3}},"type":"if","locations":[{"start":{"line":491,"column":2},"end":{"line":502,"column":3}},{"start":{"line":491,"column":2},"end":{"line":502,"column":3}}],"line":491},"111":{"loc":{"start":{"line":493,"column":9},"end":{"line":502,"column":3}},"type":"if","locations":[{"start":{"line":493,"column":9},"end":{"line":502,"column":3}},{"start":{"line":493,"column":9},"end":{"line":502,"column":3}}],"line":493},"112":{"loc":{"start":{"line":495,"column":9},"end":{"line":502,"column":3}},"type":"if","locations":[{"start":{"line":495,"column":9},"end":{"line":502,"column":3}},{"start":{"line":495,"column":9},"end":{"line":502,"column":3}}],"line":495},"113":{"loc":{"start":{"line":499,"column":9},"end":{"line":502,"column":3}},"type":"if","locations":[{"start":{"line":499,"column":9},"end":{"line":502,"column":3}},{"start":{"line":499,"column":9},"end":{"line":502,"column":3}}],"line":499},"114":{"loc":{"start":{"line":506,"column":2},"end":{"line":519,"column":3}},"type":"if","locations":[{"start":{"line":506,"column":2},"end":{"line":519,"column":3}},{"start":{"line":506,"column":2},"end":{"line":519,"column":3}}],"line":506},"115":{"loc":{"start":{"line":509,"column":9},"end":{"line":519,"column":3}},"type":"if","locations":[{"start":{"line":509,"column":9},"end":{"line":519,"column":3}},{"start":{"line":509,"column":9},"end":{"line":519,"column":3}}],"line":509},"116":{"loc":{"start":{"line":512,"column":9},"end":{"line":519,"column":3}},"type":"if","locations":[{"start":{"line":512,"column":9},"end":{"line":519,"column":3}},{"start":{"line":512,"column":9},"end":{"line":519,"column":3}}],"line":512},"117":{"loc":{"start":{"line":516,"column":9},"end":{"line":519,"column":3}},"type":"if","locations":[{"start":{"line":516,"column":9},"end":{"line":519,"column":3}},{"start":{"line":516,"column":9},"end":{"line":519,"column":3}}],"line":516},"118":{"loc":{"start":{"line":516,"column":33},"end":{"line":519,"column":3}},"type":"if","locations":[{"start":{"line":516,"column":33},"end":{"line":519,"column":3}},{"start":{"line":516,"column":33},"end":{"line":519,"column":3}}],"line":516},"119":{"loc":{"start":{"line":516,"column":37},"end":{"line":516,"column":99}},"type":"binary-expr","locations":[{"start":{"line":516,"column":37},"end":{"line":516,"column":47}},{"start":{"line":516,"column":51},"end":{"line":516,"column":60}},{"start":{"line":516,"column":64},"end":{"line":516,"column":73}},{"start":{"line":516,"column":77},"end":{"line":516,"column":86}},{"start":{"line":516,"column":90},"end":{"line":516,"column":99}}],"line":516},"120":{"loc":{"start":{"line":516,"column":109},"end":{"line":519,"column":3}},"type":"if","locations":[{"start":{"line":516,"column":109},"end":{"line":519,"column":3}},{"start":{"line":516,"column":109},"end":{"line":519,"column":3}}],"line":516},"121":{"loc":{"start":{"line":523,"column":2},"end":{"line":529,"column":5}},"type":"if","locations":[{"start":{"line":523,"column":2},"end":{"line":529,"column":5}},{"start":{"line":523,"column":2},"end":{"line":529,"column":5}}],"line":523},"122":{"loc":{"start":{"line":527,"column":9},"end":{"line":529,"column":5}},"type":"if","locations":[{"start":{"line":527,"column":9},"end":{"line":529,"column":5}},{"start":{"line":527,"column":9},"end":{"line":529,"column":5}}],"line":527}},"s":{"0":1,"1":1,"2":4,"3":0,"4":0,"5":0,"6":0,"7":0,"8":0,"9":0,"10":0,"11":0,"12":0,"13":0,"14":4,"15":4,"16":4,"17":4,"18":45,"19":45,"20":45,"21":0,"22":0,"23":4,"24":4,"25":0,"26":4,"27":0,"28":0,"29":0,"30":0,"31":0,"32":0,"33":0,"34":0,"35":0,"36":0,"37":0,"38":0,"39":0,"40":0,"41":0,"42":0,"43":0,"44":0,"45":0,"46":0,"47":0,"48":0,"49":0,"50":0,"51":0,"52":1,"53":1,"54":1,"55":1,"56":1,"57":1,"58":1,"59":1,"60":0,"61":0,"62":0,"63":0,"64":0,"65":0,"66":0,"67":0,"68":0,"69":0,"70":0,"71":0,"72":0,"73":0,"74":0,"75":0,"76":0,"77":0,"78":0,"79":0,"80":0,"81":0,"82":0,"83":0,"84":0,"85":0,"86":0,"87":0,"88":0,"89":0,"90":0,"91":0,"92":0,"93":0,"94":0,"95":0,"96":0,"97":0,"98":0,"99":0,"100":0,"101":0,"102":0,"103":0,"104":0,"105":0,"106":0,"107":0,"108":0,"109":0,"110":0,"111":0,"112":0,"113":0,"114":0,"115":0,"116":0,"117":0,"118":0,"119":0,"120":0,"121":0,"122":0,"123":0,"124":0,"125":0,"126":0,"127":0,"128":0,"129":0,"130":0,"131":0,"132":0,"133":0,"134":0,"135":0,"136":0,"137":0,"138":0,"139":0,"140":0,"141":0,"142":0,"143":0,"144":0,"145":0,"146":0,"147":0,"148":0,"149":0,"150":0,"151":0,"152":0,"153":0,"154":0,"155":0,"156":0,"157":0,"158":0,"159":0,"160":0,"161":0,"162":0,"163":0,"164":0,"165":0,"166":0,"167":0,"168":0,"169":0,"170":0,"171":0,"172":0,"173":0,"174":0,"175":0,"176":0,"177":0,"178":2,"179":2,"180":2,"181":2,"182":2,"183":2,"184":0,"185":0,"186":0,"187":0,"188":0,"189":0,"190":0,"191":0,"192":0,"193":0,"194":0,"195":0,"196":0,"197":0,"198":0,"199":0,"200":0,"201":0,"202":0,"203":0,"204":0,"205":0,"206":0,"207":0,"208":0,"209":0,"210":0,"211":0,"212":0,"213":0,"214":2,"215":6,"216":6,"217":2,"218":2,"219":2,"220":5,"221":1,"222":2,"223":2,"224":2,"225":2,"226":2,"227":2,"228":4,"229":2,"230":0,"231":2,"232":0,"233":2,"234":2,"235":2,"236":2,"237":0,"238":0,"239":0,"240":0,"241":6,"242":4,"243":2,"244":2,"245":2,"246":0,"247":0,"248":4,"249":2,"250":2,"251":2,"252":2,"253":0,"254":2,"255":2,"256":2,"257":0,"258":0,"259":8,"260":1,"261":7,"262":0,"263":7,"264":4,"265":4,"266":3,"267":3,"268":3,"269":0,"270":1,"271":0,"272":1,"273":0,"274":1,"275":0,"276":1,"277":1,"278":5,"279":0,"280":5,"281":1,"282":4,"283":4,"284":4,"285":4,"286":4,"287":0,"288":0,"289":0,"290":0,"291":0,"292":0,"293":0,"294":0,"295":0,"296":0,"297":0,"298":0,"299":0,"300":0,"301":1,"302":0,"303":1,"304":1,"305":0,"306":0,"307":0,"308":0,"309":20,"310":1,"311":1,"312":19,"313":19,"314":19,"315":19,"316":0,"317":0,"318":0,"319":0,"320":0,"321":0,"322":0,"323":1,"324":0,"325":1,"326":0,"327":1,"328":1,"329":1,"330":1,"331":0,"332":0,"333":0,"334":0,"335":0,"336":0,"337":0,"338":0,"339":0,"340":0,"341":0,"342":0,"343":0,"344":0,"345":0,"346":0,"347":0,"348":0,"349":0,"350":0,"351":0,"352":0,"353":0,"354":2,"355":2,"356":2,"357":2,"358":2,"359":2,"360":2,"361":2,"362":41,"363":41,"364":41,"365":41,"366":0,"367":2,"368":2,"369":2},"f":{"0":4,"1":0,"2":0,"3":0,"4":4,"5":45,"6":0,"7":4,"8":0,"9":0,"10":0,"11":0,"12":0,"13":0,"14":0,"15":0,"16":0,"17":0,"18":0,"19":0,"20":0,"21":0,"22":0,"23":0,"24":0,"25":0,"26":0,"27":0,"28":2,"29":6,"30":6,"31":4,"32":2,"33":8,"34":1,"35":5,"36":0,"37":1,"38":20,"39":0,"40":1,"41":0,"42":0,"43":2},"b":{"0":[0,4],"1":[4,4],"2":[0,0],"3":[0,0,0,0,0],"4":[0,0],"5":[0,0],"6":[0,4],"7":[4,0],"8":[0,4],"9":[0,0,0,0],"10":[0,0],"11":[0,0],"12":[0,0],"13":[0,0],"14":[0,0],"15":[0,0],"16":[0,0],"17":[0,0],"18":[0,0],"19":[0,0],"20":[0,0],"21":[0,0],"22":[0,0],"23":[0,0],"24":[0,0],"25":[0,0],"26":[0,0],"27":[0,0],"28":[0,0],"29":[0,0,0],"30":[0,0],"31":[0,0,0],"32":[0,0],"33":[0,0,0],"34":[0,0],"35":[0,0],"36":[0,0],"37":[0,0],"38":[0,0],"39":[0,0],"40":[0,0],"41":[0,0],"42":[0,0],"43":[0,0],"44":[0,0],"45":[0,0],"46":[0,0],"47":[0,0,0,0],"48":[0,0],"49":[0,0,0,0],"50":[0,0],"51":[0,0,0,0],"52":[0,0],"53":[0,0],"54":[0,0],"55":[2,0],"56":[0,0],"57":[0,0],"58":[0,0],"59":[0,0],"60":[0,0],"61":[0,0],"62":[0,0],"63":[2,4],"64":[1,4],"65":[5,3],"66":[2,0],"67":[2,2],"68":[0,2],"69":[0,2],"70":[0,2],"71":[0,0],"72":[4,2],"73":[2,0],"74":[2,2],"75":[2,0],"76":[2,0],"77":[0,0],"78":[0,0],"79":[1,7],"80":[0,7],"81":[4,3],"82":[3,0],"83":[0,1],"84":[0,1],"85":[1,1,1],"86":[0,1],"87":[0,5],"88":[5,5,5],"89":[1,4],"90":[0,4],"91":[0,4],"92":[4,4,4],"93":[0,4],"94":[0,0],"95":[0,0],"96":[0,0],"97":[0,0],"98":[0,0],"99":[0,1],"100":[1,1,1,1],"101":[1,0],"102":[0,0],"103":[0,0],"104":[1,19],"105":[0,19],"106":[0,19],"107":[0,0],"108":[0,0],"109":[0,0],"110":[0,1],"111":[0,1],"112":[1,0],"113":[0,0],"114":[0,0],"115":[0,0],"116":[0,0],"117":[0,0],"118":[0,0],"119":[0,0,0,0,0],"120":[0,0],"121":[0,0],"122":[0,0]},"inputSourceMap":{"version":3,"sources":["parser.js"],"names":["css","require","EOF","Symbol","layout","currentToken","currentAttribute","currentTextNode","stack","type","children","rules","addCSSRules","text","ast","parse","push","stylesheet","match","element","allSelector","attributes","tagSelector","idSelector","classSelector","start","selectorStart","currentSelectorName","c","classSelectorName","idSelectorName","selectorName","count","length","attr","filter","name","ids","value","split","i","includes","classNames","tagName","sumLength","specificity","selector","p","compare","sp1","sp2","computeCSS","elements","slice","reverse","computedStyle","rule","selectorParts","selectors","matched","j","sp","declarations","declaration","property","emit","token","top","parent","isSelfClosing","Error","content","pop","data","tagOpen","endTagOpen","beforeAttributeName","selfClosingStartTag","afterAttributeName","beforeAttributeValue","attributeName","doubleQuotedAttributeValue","singleQuotedAttributeValue","UnquotedAttributeValue","afterQuotedAttributeValue","parseHTML","html","state","console","log"],"mappings":";;;;;;;;;;;;;;;;;;;;;AAAA,IAAMA,GAAG,GAAGC,OAAO,CAAC,KAAD,CAAnB;;AACA,IAAMC,GAAG,GAAGC,MAAM,CAAC,KAAD,CAAlB;;AACA,IAAMC,MAAM,GAAGH,OAAO,CAAC,aAAD,CAAtB;;AACA,IAAII,YAAY,GAAG,IAAnB;AACA,IAAIC,gBAAgB,GAAG,IAAvB;AACA,IAAIC,eAAe,GAAG,IAAtB;AAEA,IAAIC,KAAK,GAAG,CAAC;AAACC,EAAAA,IAAI,EAAE,UAAP;AAAmBC,EAAAA,QAAQ,EAAE;AAA7B,CAAD,CAAZ;AAEA,IAAIC,KAAK,GAAG,EAAZ;;AACA,SAASC,WAAT,CAAqBC,IAArB,EAA2B;AACzB,MAAIC,GAAG,GAAGd,GAAG,CAACe,KAAJ,CAAUF,IAAV,CAAV;AACAF,EAAAA,KAAK,CAACK,IAAN,OAAAL,KAAK,qBAASG,GAAG,CAACG,UAAJ,CAAeN,KAAxB,EAAL;AACD;;AAED,SAASO,KAAT,CAAeC,OAAf,EAAwBC,WAAxB,EAAqC;AACnC,MAAI,CAACA,WAAD,IAAgB,CAACD,OAAO,CAACE,UAA7B,EAAyC;AACvC,WAAO,KAAP;AACD;;AACD,MAAIC,WAAW,GAAG,EAAlB;AACA,MAAIC,UAAU,GAAG,EAAjB;AACA,MAAIC,aAAa,GAAG,EAApB;AACA,MAAIC,KAAK,GAAGC,aAAZ;AACA,MAAIC,mBAAmB,GAAG,EAA1B;;AARmC,6CASrBP,WATqB;AAAA;;AAAA;AASnC,wDAA2B;AAAA,UAAlBQ,CAAkB;AACzBH,MAAAA,KAAK,GAAGA,KAAK,CAACG,CAAD,CAAb;AACD;AAXkC;AAAA;AAAA;AAAA;AAAA;;AAYnCH,EAAAA,KAAK,CAACvB,GAAD,CAAL;;AACA,WAASwB,aAAT,CAAuBE,CAAvB,EAA0B;AACxB,QAAIA,CAAC,KAAK,GAAV,EAAe;AACb,aAAOC,iBAAP;AACD,KAFD,MAEO,IAAGD,CAAC,KAAK,GAAT,EAAc;AACnB,aAAOE,cAAP;AACD,KAFM,MAEA,IAAGF,CAAC,KAAK1B,GAAT,EAAc;AACnB;AACD,KAFM,MAEA;AACL,aAAO6B,YAAY,CAACH,CAAD,CAAnB;AACD;AACF;;AACD,WAASC,iBAAT,CAA2BD,CAA3B,EAA8B;AAC5B,QAAIA,CAAC,KAAK,GAAN,IAAaA,CAAC,KAAK,GAAnB,IAA0BA,CAAC,KAAK1B,GAApC,EAAyC;AACvCsB,MAAAA,aAAa,CAACR,IAAd,CAAmBW,mBAAnB;AACAA,MAAAA,mBAAmB,GAAG,EAAtB;AACA,aAAOD,aAAa,CAACE,CAAD,CAApB;AACD,KAJD,MAIO;AACLD,MAAAA,mBAAmB,IAAIC,CAAvB;AACA,aAAOC,iBAAP;AACD;AACF;;AACD,WAASC,cAAT,CAAwBF,CAAxB,EAA2B;AACzB,QAAIA,CAAC,KAAK,GAAN,IAAaA,CAAC,KAAK,GAAnB,IAA0BA,CAAC,KAAK1B,GAApC,EAAyC;AACvCqB,MAAAA,UAAU,CAACP,IAAX,CAAgBW,mBAAhB;AACAA,MAAAA,mBAAmB,GAAG,EAAtB;AACA,aAAOD,aAAa,CAACE,CAAD,CAApB;AACD,KAJD,MAIO;AACLD,MAAAA,mBAAmB,IAAIC,CAAvB;AACA,aAAOE,cAAP;AACD;AACF;;AACD,WAASC,YAAT,CAAsBH,CAAtB,EAAyB;AACvB,QAAIA,CAAC,KAAK,GAAN,IAAaA,CAAC,KAAK,GAAnB,IAA0BA,CAAC,KAAK1B,GAApC,EAAyC;AACvCoB,MAAAA,WAAW,CAACN,IAAZ,CAAiBW,mBAAjB;AACAA,MAAAA,mBAAmB,GAAG,EAAtB;AACA,aAAOD,aAAa,CAACE,CAAD,CAApB;AACD,KAJD,MAIO;AACLD,MAAAA,mBAAmB,IAAIC,CAAvB;AACA,aAAOG,YAAP;AACD;AACF;;AACD,MAAIC,KAAK,GAAG,CAAZ;;AACA,MAAIT,UAAU,CAACU,MAAX,KAAsB,CAA1B,EAA6B;AAC3B,QAAIC,IAAI,GAAGf,OAAO,CAACE,UAAR,CAAmBc,MAAnB,CAA0B,UAAAD,IAAI;AAAA,aAAIA,IAAI,CAACE,IAAL,KAAc,IAAlB;AAAA,KAA9B,EAAsD,CAAtD,CAAX;;AACA,QAAIF,IAAJ,EAAU;AACR,UAAIG,GAAG,GAAGH,IAAI,CAACI,KAAL,CAAWC,KAAX,CAAiB,GAAjB,CAAV;;AACA,WAAK,IAAIC,CAAC,GAAG,CAAb,EAAeA,CAAC,GAAGjB,UAAU,CAACU,MAA9B,EAAqCO,CAAC,EAAtC,EAA0C;AACxC,YAAGH,GAAG,CAACI,QAAJ,CAAalB,UAAU,CAACiB,CAAD,CAAvB,CAAH,EAAgCR,KAAK;AACtC;AACF;AACF;;AACD,MAAIR,aAAa,CAACS,MAAd,KAAyB,CAA7B,EAAgC;AAC9B,QAAIC,KAAI,GAAGf,OAAO,CAACE,UAAR,CAAmBc,MAAnB,CAA0B,UAAAD,IAAI;AAAA,aAAIA,IAAI,CAACE,IAAL,KAAc,OAAlB;AAAA,KAA9B,EAAyD,CAAzD,CAAX;;AACA,QAAIF,KAAJ,EAAU;AACR,UAAIQ,UAAU,GAAGR,KAAI,CAACI,KAAL,CAAWC,KAAX,CAAiB,GAAjB,CAAjB;;AACA,WAAK,IAAIC,EAAC,GAAG,CAAb,EAAeA,EAAC,GAAGhB,aAAa,CAACS,MAAjC,EAAwCO,EAAC,EAAzC,EAA6C;AAC3C,YAAGE,UAAU,CAACD,QAAX,CAAoBjB,aAAa,CAACgB,EAAD,CAAjC,CAAH,EAA0CR,KAAK;AAChD;AACF;AACF;;AACD,MAAIV,WAAW,CAACW,MAAZ,KAAuB,CAA3B,EAA8B;AAC5B,QAAId,OAAO,CAACwB,OAAR,KAAoBrB,WAAW,CAAC,CAAD,CAAnC,EAAwC;AACtCU,MAAAA,KAAK;AACN;AACF;;AACD,MAAIY,SAAS,GAAGrB,UAAU,CAACU,MAAX,GAAoBT,aAAa,CAACS,MAAlC,GAA2CX,WAAW,CAACW,MAAvE;AACA,SAAOD,KAAK,KAAKY,SAAjB,CA/EmC,CAiFnC;AACD;;AACD,SAASC,WAAT,CAAqBC,QAArB,EAA+B;AAC7B,MAAIC,CAAC,GAAG,CAAC,CAAD,EAAI,CAAJ,EAAO,CAAP,EAAU,CAAV,CAAR;AACA,MAAIzB,WAAW,GAAG,EAAlB;AACA,MAAIC,UAAU,GAAG,EAAjB;AACA,MAAIC,aAAa,GAAG,EAApB;AACA,MAAIC,KAAK,GAAGC,aAAZ;AACA,MAAIC,mBAAmB,GAAG,EAA1B;;AAN6B,8CAOfmB,QAPe;AAAA;;AAAA;AAO7B,2DAAwB;AAAA,UAAflB,CAAe;AACtBH,MAAAA,KAAK,GAAGA,KAAK,CAACG,CAAD,CAAb;AACD;AAT4B;AAAA;AAAA;AAAA;AAAA;;AAU7BH,EAAAA,KAAK,CAACvB,GAAD,CAAL;AACA6C,EAAAA,CAAC,CAAC,CAAD,CAAD,GAAOxB,UAAU,CAACU,MAAlB;AACAc,EAAAA,CAAC,CAAC,CAAD,CAAD,GAAOvB,aAAa,CAACS,MAArB;AACAc,EAAAA,CAAC,CAAC,CAAD,CAAD,GAAOzB,WAAW,CAACW,MAAnB;AACA,SAAOc,CAAP;;AAEA,WAASrB,aAAT,CAAuBE,CAAvB,EAA0B;AACxB,QAAIA,CAAC,KAAK,GAAV,EAAe;AACb,aAAOC,iBAAP;AACD,KAFD,MAEO,IAAGD,CAAC,KAAK,GAAT,EAAc;AACnB,aAAOE,cAAP;AACD,KAFM,MAEA,IAAGF,CAAC,KAAK1B,GAAT,EAAc;AACnB;AACD,KAFM,MAEA,IAAI0B,CAAC,KAAK,GAAV,EAAe;AACpB,aAAOF,aAAP;AACD,KAFM,MAEA;AACL,aAAOK,YAAY,CAACH,CAAD,CAAnB;AACD;AACF;;AACD,WAASC,iBAAT,CAA2BD,CAA3B,EAA8B;AAC5B,QAAIA,CAAC,KAAK,GAAN,IAAaA,CAAC,KAAK,GAAnB,IAA0BA,CAAC,KAAK,GAAhC,IAAuCA,CAAC,KAAK1B,GAAjD,EAAsD;AACpDsB,MAAAA,aAAa,CAACR,IAAd,CAAmBW,mBAAnB;AACAA,MAAAA,mBAAmB,GAAG,EAAtB;AACA,aAAOD,aAAa,CAACE,CAAD,CAApB;AACD,KAJD,MAIO;AACLD,MAAAA,mBAAmB,IAAIC,CAAvB;AACA,aAAOC,iBAAP;AACD;AACF;;AACD,WAASC,cAAT,CAAwBF,CAAxB,EAA2B;AACzB,QAAIA,CAAC,KAAK,GAAN,IAAaA,CAAC,KAAK,GAAnB,IAA0BA,CAAC,KAAK,GAAhC,IAAuCA,CAAC,KAAK1B,GAAjD,EAAsD;AACpDqB,MAAAA,UAAU,CAACP,IAAX,CAAgBW,mBAAhB;AACAA,MAAAA,mBAAmB,GAAG,EAAtB;AACA,aAAOD,aAAa,CAACE,CAAD,CAApB;AACD,KAJD,MAIO;AACLD,MAAAA,mBAAmB,IAAIC,CAAvB;AACA,aAAOE,cAAP;AACD;AACF;;AACD,WAASC,YAAT,CAAsBH,CAAtB,EAAyB;AACvB,QAAIA,CAAC,KAAK,GAAN,IAAaA,CAAC,KAAK,GAAnB,IAA0BA,CAAC,KAAK,GAAhC,IAAuCA,CAAC,KAAK1B,GAAjD,EAAsD;AACpDoB,MAAAA,WAAW,CAACN,IAAZ,CAAiBW,mBAAjB;AACAA,MAAAA,mBAAmB,GAAG,EAAtB;AACA,aAAOD,aAAa,CAACE,CAAD,CAApB;AACD,KAJD,MAIO;AACLD,MAAAA,mBAAmB,IAAIC,CAAvB;AACA,aAAOG,YAAP;AACD;AACF;AACF;;AACD,SAASiB,OAAT,CAAiBC,GAAjB,EAAsBC,GAAtB,EAA2B;AACzB,MAAGD,GAAG,CAAC,CAAD,CAAH,GAASC,GAAG,CAAC,CAAD,CAAf,EACE,OAAOD,GAAG,CAAC,CAAD,CAAH,GAASC,GAAG,CAAC,CAAD,CAAnB;AACF,MAAGD,GAAG,CAAC,CAAD,CAAH,GAASC,GAAG,CAAC,CAAD,CAAf,EACE,OAAOD,GAAG,CAAC,CAAD,CAAH,GAASC,GAAG,CAAC,CAAD,CAAnB;AACF,MAAGD,GAAG,CAAC,CAAD,CAAH,GAASC,GAAG,CAAC,CAAD,CAAf,EACE,OAAOD,GAAG,CAAC,CAAD,CAAH,GAASC,GAAG,CAAC,CAAD,CAAnB;AACF,SAAOD,GAAG,CAAC,CAAD,CAAH,GAASC,GAAG,CAAC,CAAD,CAAnB;AACD,C,CACD;;;AACA,SAASC,UAAT,CAAoBhC,OAApB,EAA6B;AAC3B,MAAIiC,QAAQ,GAAG5C,KAAK,CAAC6C,KAAN,GAAcC,OAAd,EAAf;AACA,MAAG,CAACnC,OAAO,CAACoC,aAAZ,EACEpC,OAAO,CAACoC,aAAR,GAAwB,EAAxB;;AAHyB,8CAIV5C,KAJU;AAAA;;AAAA;AAI3B,2DAAwB;AAAA,UAAf6C,IAAe;AACtB,UAAIC,aAAa,GAAGD,IAAI,CAACE,SAAL,CAAe,CAAf,EAAkBnB,KAAlB,CAAwB,GAAxB,EAA6Be,OAA7B,EAApB;AAEA,UAAI,CAACpC,KAAK,CAACC,OAAD,EAAUsC,aAAa,CAAC,CAAD,CAAvB,CAAV,EACE;AAEF,UAAIE,OAAO,GAAG,KAAd;AAEA,UAAIC,CAAC,GAAG,CAAR;;AACA,WAAK,IAAIpB,CAAC,GAAG,CAAb,EAAeA,CAAC,GAACY,QAAQ,CAACnB,MAA1B,EAAiCO,CAAC,EAAlC,EAAsC;AACpC,YAAItB,KAAK,CAACkC,QAAQ,CAACZ,CAAD,CAAT,EAAciB,aAAa,CAACG,CAAD,CAA3B,CAAT,EAA0C;AACxCA,UAAAA,CAAC;AACF;AACF;;AACD,UAAIA,CAAC,IAAIH,aAAa,CAACxB,MAAvB,EACE0B,OAAO,GAAG,IAAV;;AACF,UAAIA,OAAJ,EAAa;AACX,YAAIE,EAAE,GAAGhB,WAAW,CAACW,IAAI,CAACE,SAAL,CAAe,CAAf,CAAD,CAApB;AACA,YAAIH,aAAa,GAAGpC,OAAO,CAACoC,aAA5B;;AAFW,oDAGaC,IAAI,CAACM,YAHlB;AAAA;;AAAA;AAGX,iEAA2C;AAAA,gBAAlCC,WAAkC;AACzC,gBAAI,CAACR,aAAa,CAACQ,WAAW,CAACC,QAAb,CAAlB,EACET,aAAa,CAACQ,WAAW,CAACC,QAAb,CAAb,GAAsC,EAAtC;;AACF,gBAAI,CAACT,aAAa,CAACQ,WAAW,CAACC,QAAb,CAAb,CAAoCnB,WAAzC,EAAsD;AACpDU,cAAAA,aAAa,CAACQ,WAAW,CAACC,QAAb,CAAb,CAAoC1B,KAApC,GAA4CyB,WAAW,CAACzB,KAAxD;AACAiB,cAAAA,aAAa,CAACQ,WAAW,CAACC,QAAb,CAAb,CAAoCnB,WAApC,GAAkDgB,EAAlD;AACD,aAHD,MAGO,IAAIb,OAAO,CAACO,aAAa,CAACQ,WAAW,CAACC,QAAb,CAAb,CAAoCnB,WAArC,EAAkDgB,EAAlD,CAAP,GAA+D,CAAnE,EACPN,aAAa,CAACQ,WAAW,CAACC,QAAb,CAAb,CAAoC1B,KAApC,GAA4CyB,WAAW,CAACzB,KAAxD;;AACAiB,YAAAA,aAAa,CAACQ,WAAW,CAACC,QAAb,CAAb,CAAoCnB,WAApC,GAAkDgB,EAAlD;AACD;AAZU;AAAA;AAAA;AAAA;AAAA;AAaZ;AACF;AAlC0B;AAAA;AAAA;AAAA;AAAA;AAmC5B;;AACD,SAASI,IAAT,CAAcC,KAAd,EAAqB;AACnB,MAAIC,GAAG,GAAG3D,KAAK,CAACA,KAAK,CAACyB,MAAN,GAAe,CAAhB,CAAf;;AAEA,MAAIiC,KAAK,CAACzD,IAAN,KAAe,UAAnB,EAA+B;AAC7B,QAAIU,OAAO,GAAG;AACZV,MAAAA,IAAI,EAAE,SADM;AAEZC,MAAAA,QAAQ,EAAE,EAFE;AAGZW,MAAAA,UAAU,EAAE;AAHA,KAAd;AAKAF,IAAAA,OAAO,CAACwB,OAAR,GAAkBuB,KAAK,CAACvB,OAAxB;;AAEA,SAAI,IAAII,CAAR,IAAamB,KAAb,EAAoB;AAClB,UAAInB,CAAC,KAAK,MAAN,IAAgBA,CAAC,KAAK,SAA1B,EAAqC;AACnC5B,QAAAA,OAAO,CAACE,UAAR,CAAmBL,IAAnB,CAAwB;AACtBoB,UAAAA,IAAI,EAAEW,CADgB;AAEtBT,UAAAA,KAAK,EAAE4B,KAAK,CAACnB,CAAD;AAFU,SAAxB;AAID;AACF;;AACDI,IAAAA,UAAU,CAAChC,OAAD,CAAV;AACAgD,IAAAA,GAAG,CAACzD,QAAJ,CAAaM,IAAb,CAAkBG,OAAlB;AACAA,IAAAA,OAAO,CAACiD,MAAR,GAAiBD,GAAjB;;AACA,QAAG,CAACD,KAAK,CAACG,aAAV,EAAyB;AACvB7D,MAAAA,KAAK,CAACQ,IAAN,CAAWG,OAAX;AACD;;AACDZ,IAAAA,eAAe,GAAG,IAAlB;AACD,GAvBD,MAuBO,IAAG2D,KAAK,CAACzD,IAAN,KAAe,QAAlB,EAA4B;AACjC,QAAI0D,GAAG,CAACxB,OAAJ,KAAgBuB,KAAK,CAACvB,OAA1B,EAAmC;AACjC,YAAM,IAAI2B,KAAJ,CAAU,gCAAV,CAAN;AACD,KAFD,MAEO;AACL;AACA,UAAIH,GAAG,CAACxB,OAAJ,KAAgB,OAApB,EAA6B;AAC3B/B,QAAAA,WAAW,CAACuD,GAAG,CAACzD,QAAJ,CAAa,CAAb,EAAgB6D,OAAjB,CAAX;AACD;;AACDnE,MAAAA,MAAM,CAAC+D,GAAD,CAAN;AACA3D,MAAAA,KAAK,CAACgE,GAAN;AACD;;AACDjE,IAAAA,eAAe,GAAG,IAAlB;AACD,GAZM,MAYA,IAAI2D,KAAK,CAACzD,IAAN,KAAe,MAAnB,EAA2B;AAChC,QAAIF,eAAe,KAAK,IA
[...]
A,QAAQ,GAAG,CAAX;AAEAC,IAAAA,SAAS,GAAG,OAAZ;AACAC,IAAAA,UAAU,GAAG,MAAb;AACAC,IAAAA,QAAQ,GAAG,OAAX;AACD;;AACD,MAAIlC,KAAK,CAACsB,aAAN,KAAwB,QAA5B,EAAsC;AACpCK,IAAAA,QAAQ,GAAG,QAAX;AACAC,IAAAA,SAAS,GAAG,QAAZ;AACAC,IAAAA,OAAO,GAAG,KAAV;AACAC,IAAAA,QAAQ,GAAG,CAAC,CAAZ;AACAC,IAAAA,QAAQ,GAAG/B,KAAK,CAACuC,MAAjB;AAEAP,IAAAA,SAAS,GAAG,OAAZ;AACAC,IAAAA,UAAU,GAAG,MAAb;AACAC,IAAAA,QAAQ,GAAG,OAAX;AACD;;AACD,MAAIlC,KAAK,CAACyB,QAAN,KAAmB,cAAvB,EAAuC;AAAA,eACZ,CAACS,QAAD,EAAWD,UAAX,CADY;AACpCA,IAAAA,UADoC;AACxBC,IAAAA,QADwB;AAErCC,IAAAA,SAAS,GAAG,CAAC,CAAb,CAFqC,CAGrC;AACD,GAJD,MAIO;AACLC,IAAAA,SAAS,GAAG,CAAZ;AACAD,IAAAA,SAAS,GAAG,CAAZ;AACD,GA1FsB,CA2FvB;;;AACA,MAAIK,cAAc,GAAG,KAArB;;AACA,MAAI,CAACxC,KAAK,CAAC2B,QAAD,CAAV,EAAsB;AACpBlB,IAAAA,YAAY,CAACkB,QAAD,CAAZ,GAAyB,CAAzB;;AACA,SAAK,IAAIc,CAAC,GAAG,CAAb,EAAeA,CAAC,GAAC9B,KAAK,CAAC+B,MAAvB,EAA8BD,CAAC,EAA/B,EAAmC;AACjC,UAAIE,IAAI,GAAGhC,KAAK,CAAC8B,CAAD,CAAhB;;AACA,UAAIG,UAAS,GAAG9C,QAAQ,CAAC6C,IAAD,CAAxB,CAFiC,CAGjC;;;AACA,UAAIC,UAAS,CAACjB,QAAD,CAAT,KAAwB,IAAxB,IAAgCiB,UAAS,CAACjB,QAAD,CAAT,KAAyB,KAAK,CAAlE,EAAsE;AACpElB,QAAAA,YAAY,CAACkB,QAAD,CAAZ,IAA0BiB,UAAS,CAACjB,QAAD,CAAnC;AACD;AACF;;AACDa,IAAAA,cAAc,GAAG,IAAjB;AACD;;AACD,MAAIK,QAAQ,GAAG,EAAf;AACA,MAAIC,SAAS,GAAG,CAACD,QAAD,CAAhB;AAEA,MAAIE,SAAS,GAAGtC,YAAY,CAACkB,QAAD,CAA5B;AACA,MAAIqB,UAAU,GAAG,CAAjB;;AAEA,OAAK,IAAIP,EAAC,GAAG,CAAb,EAAgBA,EAAC,GAAG9B,KAAK,CAAC+B,MAA1B,EAAkCD,EAAC,EAAnC,EAAuC;AACrC,QAAIE,KAAI,GAAGhC,KAAK,CAAC8B,EAAD,CAAhB;;AACA,QAAIG,WAAS,GAAG9C,QAAQ,CAAC6C,KAAD,CAAxB;;AAEA,QAAIC,WAAS,CAACjB,QAAD,CAAT,KAAwB,IAA5B,EAAkC;AAChCiB,MAAAA,WAAS,CAACjB,QAAD,CAAT,GAAsB,CAAtB;AACD,KANoC,CAOrC;;;AACA,QAAIiB,WAAS,CAACK,IAAd,EAAoB;AAClBJ,MAAAA,QAAQ,CAACK,IAAT,CAAcP,KAAd;AACD,KAFD,MAEO,IAAI3C,KAAK,CAACyB,QAAN,KAAmB,QAAnB,IAA+Be,cAAnC,EAAmD;AACxDO,MAAAA,SAAS,IAAIH,WAAS,CAACjB,QAAD,CAAtB,CADwD,CAExD;;AACA,UAAIiB,WAAS,CAACZ,SAAD,CAAT,KAAyB,IAAzB,IAAiCY,WAAS,CAACZ,SAAD,CAAT,KAA0B,KAAK,CAApE,EAAwE;AACtEgB,QAAAA,UAAU,GAAGG,IAAI,CAACC,GAAL,CAASJ,UAAT,EAAqBJ,WAAS,CAACZ,SAAD,CAA9B,CAAb;AACD;;AACDa,MAAAA,QAAQ,CAACK,IAAT,CAAcP,KAAd;AACD,KAPM,MAOA;AACL;AACA,UAAIC,WAAS,CAACjB,QAAD,CAAT,GAAsB3B,KAAK,CAAC2B,QAAD,CAA/B,EAA2C;AACzCiB,QAAAA,WAAS,CAACjB,QAAD,CAAT,GAAsB3B,KAAK,CAAC2B,QAAD,CAA3B;AACD,OAJI,CAKL;;;AACA,UAAIoB,SAAS,GAAGH,WAAS,CAACjB,QAAD,CAAzB,EAAqC;AACnCkB,QAAAA,QAAQ,CAACE,SAAT,GAAqBA,SAArB;AACAF,QAAAA,QAAQ,CAACG,UAAT,GAAsBA,UAAtB,CAFmC,CAGnC;;AACAH,QAAAA,QAAQ,GAAG,CAACF,KAAD,CAAX;AACAG,QAAAA,SAAS,CAACI,IAAV,CAAeL,QAAf;AACAE,QAAAA,SAAS,GAAG/C,KAAK,CAACqD,QAAD,CAAjB;AACAL,QAAAA,UAAU,GAAG,CAAb;AACD,OARD,MAQO;AACLH,QAAAA,QAAQ,CAACK,IAAT,CAAcP,KAAd;AACD;;AACD,UAAIC,WAAS,CAACZ,SAAD,CAAT,KAAyB,IAAzB,IAAiCY,WAAS,CAACZ,SAAD,CAAT,KAA0B,KAAK,CAApE,EAAwE;AACtEgB,QAAAA,UAAU,GAAGG,IAAI,CAACC,GAAL,CAASJ,UAAT,EAAqBJ,WAAS,CAACZ,SAAD,CAA9B,CAAb;AACD;;AACDe,MAAAA,SAAS,IAAIH,WAAS,CAACjB,QAAD,CAAtB;AACD;AACF;;AAGDkB,EAAAA,QAAQ,CAACE,SAAT,GAAqBA,SAArB;;AAEA,MAAI/C,KAAK,CAACyB,QAAN,KAAmB,SAAnB,IAAgCe,cAApC,EAAoD;AAClDK,IAAAA,QAAQ,CAACG,UAAT,GAAuBhD,KAAK,CAACgC,SAAD,CAAL,KAAqBsB,SAAtB,GAAmCtD,KAAK,CAACgC,SAAD,CAAxC,GAAsDgB,UAA5E;AACD,GAFD,MAEO;AACLH,IAAAA,QAAQ,CAACG,UAAT,GAAsBA,UAAtB;AACD;;AAED,MAAID,SAAS,GAAG,CAAhB,EAAmB;AACjB;AACA,QAAIQ,KAAK,GAAGvD,KAAK,CAAC2B,QAAD,CAAL,IAAmB3B,KAAK,CAAC2B,QAAD,CAAL,GAAkBoB,SAArC,CAAZ;AACA,QAAIS,WAAW,GAAGC,QAAlB;;AACA,SAAK,IAAIhB,GAAC,GAAG,CAAb,EAAgBA,GAAC,GAAG9B,KAAK,CAAC+B,MAA1B,EAAkCD,GAAC,EAAnC,EAAuC;AACrC,UAAIE,MAAI,GAAGhC,KAAK,CAAC8B,GAAD,CAAhB;;AACA,UAAIG,WAAS,GAAG9C,QAAQ,CAAC6C,MAAD,CAAxB;;AAEA,UAAIC,WAAS,CAACK,IAAd,EAAoB;AAClBL,QAAAA,WAAS,CAACjB,QAAD,CAAT,GAAsB,CAAtB;AACD;;AAEDiB,MAAAA,WAAS,CAACjB,QAAD,CAAT,GAAsBiB,WAAS,CAACjB,QAAD,CAAT,GAAsB4B,KAA5C;AAEAX,MAAAA,WAAS,CAAChB,SAAD,CAAT,GAAuB4B,WAAvB;AACAZ,MAAAA,WAAS,CAACf,OAAD,CAAT,GAAqBe,WAAS,CAAChB,SAAD,CAAT,GAAuBgB,WAAS,CAACd,QAAD,CAAT,GAAsBc,WAAS,CAACjB,QAAD,CAA3E;AACA6B,MAAAA,WAAW,GAAGZ,WAAS,CAACf,OAAD,CAAvB;AACD;AAEF,GAnBD,MAmBO;AACL;AACAiB,IAAAA,SAAS,CAAC1B,OAAV,CAAkB,UAAUT,KAAV,EAAiB;AACjC,UAAIoC,SAAS,GAAGpC,KAAK,CAACoC,SAAtB;AACA,UAAIW,SAAS,GAAG,CAAhB,CAFiC,CAGjC;;AACA,WAAK,IAAIjB,GAAC,GAAG,CAAb,EAAgBA,GAAC,GAAG9B,KAAK,CAAC+B,MAA1B,EAAkCD,GAAC,EAAnC,EAAuC;AACrC,YAAIE,MAAI,GAAGhC,KAAK,CAAC8B,GAAD,CAAhB;;AACA,YAAIG,WAAS,GAAG9C,QAAQ,CAAC6C,MAAD,CAAxB;;AAEA,YAAKC,WAAS,CAACK,IAAV,KAAmB,IAApB,IAA6BL,WAAS,CAACK,IAAV,KAAoB,KAAK,CAA1D,EAA8D;AAC5DS,UAAAA,SAAS,IAAId,WAAS,CAACK,IAAvB;AACA;AACD;AACF;;AAED,UAAIS,SAAS,GAAG,CAAhB,EAAmB;AACjB;AACA,YAAIF,YAAW,GAAGzB,QAAlB;;AACA,aAAK,IAAIU,GAAC,GAAG,CAAb,EAAgBA,GAAC,GAAG9B,KAAK,CAAC+B,MAA1B,EAAkCD,GAAC,EAAnC,EAAuC;AACrC,cAAIE,MAAI,GAAGhC,KAAK,CAAC8B,GAAD,CAAhB;;AACA,cAAIG,WAAS,GAAG9C,QAAQ,CAAC6C,MAAD,CAAxB;;AACA,cAAIC,WAAS,CAACK,IAAd,EAAoB;AAClBL,YAAAA,WAAS,CAACjB,QAAD,CAAT,GAAsBoB,SAAS,IAAIH,WAAS,CAACK,IAAV,GAAiBS,SAArB,CAA/B;AACD;;AACDd,UAAAA,WAAS,CAAChB,SAAD,CAAT,GAAuB4B,YAAvB;AACAZ,UAAAA,WAAS,CAACf,OAAD,CAAT,GAAqB2B,YAAW,GAAG1B,QAAQ,GAAGc,WAAS,CAACjB,QAAD,CAAvD;AACA6B,UAAAA,YAAW,GAAGZ,WAAS,CAACf,OAAD,CAAvB;AACD;AACF,OAbD,MAaO;AACL;AACA,YAAI2B,aAAW,GAAGzB,QAAlB;AAAA,YAA2B4B,KAAI,GAAG,CAAlC;;AACA,YAAI3D,KAAK,CAACwB,cAAN,KAAyB,YAA7B,EAA2C;AACzCgC,UAAAA,aAAW,GAAGzB,QAAd;AACA4B,UAAAA,KAAI,GAAG,CAAP;AACD;;AACD,YAAI3D,KAAK,CAACwB,cAAN,KAAyB,UAA7B,EAAyC;AACvCgC,UAAAA,aAAW,GAAGT,SAAS,GAAGjB,QAAZ,GAAuBC,QAArC;AACA4B,UAAAA,KAAI,GAAG,CAAP;AACD;;AACD,YAAI3D,KAAK,CAACwB,cAAN,KAAyB,QAA7B,EAAuC;AACrCgC,UAAAA,aAAW,GAAGT,SAAS,GAAG,CAAZ,GAAgBjB,QAAhB,GAA2BC,QAAzC;AACA4B,UAAAA,KAAI,GAAG,CAAP;AACD;;AACD,YAAI3D,KAAK,CAACwB,cAAN,KAAyB,eAA7B,EAA8C;AAC5CmC,UAAAA,KAAI,GAAGZ,SAAS,IAAIpC,KAAK,CAAC+B,MAAN,GAAe,CAAnB,CAAT,GAAiCZ,QAAxC;AACA0B,UAAAA,aAAW,GAAGzB,QAAd;AACD;;AACD,YAAI/B,KAAK,CAACwB,cAAN,KAAyB,cAA7B,EAA6C;AAC3CmC,UAAAA,KAAI,GAAGZ,SAAS,GAAGpC,KAAK,CAAC+B,MAAlB,GAA2BZ,QAAlC;AACA0B,UAAAA,aAAW,GAAGG,KAAI,GAAG,CAAP,GAAW5B,QAAzB;AACD;;AACD,aAAK,IAAIU,GAAC,GAAG,CAAb,EAAgBA,GAAC,GAAG9B,KAAK,CAAC+B,MAA1B,EAAkCD,GAAC,EAAnC,EAAuC;AACrC,cAAIE,MAAI,GAAGhC,KAAK,CAAC8B,GAAD,CAAhB;AACAG,UAAAA,SAAS,CAAChB,SAAD,CAAT,GAAuB4B,aAAvB;AACAZ,UAAAA,SAAS,CAACf,OAAD,CAAT,GAAqBe,SAAS,CAAChB,SAAD,CAAT,GAAuBE,QAAQ,GAAGc,SAAS,CAACjB,QAAD,CAAhE;AACA6B,UAAAA,aAAW,GAAGZ,SAAS,CAACf,OAAD,CAAT,GAAqB8B,KAAnC;AACD;AACF;AACF,KAzDD;AA0DD;;AAED,MAAI,CAAC3D,KAAK,CAACgC,SAAD,CAAV,EAAuB;AACrBgB,IAAAA,UAAU,GAAG,CAAb;AACAvC,IAAAA,YAAY,CAACuB,SAAD,CAAZ,GAA0B,CAA1B;;AACA,SAAK,IAAIS,GAAC,GAAG,CAAb,EAAeA,GAAC,GAAGK,SAAS,CAACJ,MAA7B,EAAqCD,GAAC,EAAtC,EAA0C;AACxChC,MAAAA,YAAY,CAACuB,SAAD,CAAZ,IAA2Bc,SAAS,CAACL,GAAD,CAAT,CAAaO,UAAxC;AACD;AACF,GAND,MAMO;AACLA,IAAAA,UAAU,GAAGhD,KAAK,CAACgC,SAAD,CAAlB;;AACA,SAAK,IAAIS,GAAC,GAAG,CAAb,EAAgBA,GAAC,GAAGK,SAAS,CAACJ,MAA9B,EAAsCD,GAAC,EAAvC,EAA2C;AACzCO,MAAAA,UAAU,IAAIF,SAAS,CAACL,GAAD,CAAT,CAAaO,UAA3B;AACD;AACF;;AAGD,MAAIhD,KAAK,CAACyB,QAAN,KAAmB,cAAvB,EAAuC;AACrCW,IAAAA,SAAS,GAAGpC,KAAK,CAACgC,SAAD,CAAjB;AACD,GAFD,MAEO;AACLI,IAAAA,SAAS,GAAG,CAAZ;AACD;;AACD,MAAIwB,QAAQ,GAAG5D,KAAK,CAACgC,SAAD,CAAL,GAAmBc,SAAS,CAACJ,MAA5C;AAEA,MAAIiB,IAAJ;;AACA,MAAI3D,KAAK,CAAC0B,YAAN,KAAuB,YAA3B,EAAyC;AACvCU,IAAAA,SAAS,IAAI,CAAb;AACAuB,IAAAA,IAAI,GAAG,CAAP;AACD;;AACD,MAAI3D,KAAK,CAAC0B,YAAN,KAAuB,UAA3B,EAAuC;AACrCU,IAAAA,SAAS,IAAID,SAAS,GAAGa,UAAzB;AACAW,IAAAA,IAAI,GAAG,CAAP;AACD;;AACD,MAAI3D,KAAK,CAAC0B,YAAN,KAAuB,QAA3B,EAAqC;AACnCU,IAAAA,SAAS,IAAID,SAAS,GAAGC,SAAZ,GAAwB,CAArC;AACAuB,IAAAA,IAAI,GAAG,CAAP;AACD;;AACD,MAAI3D,KAAK,CAAC0B,YAAN,KAAuB,eAA3B,EAA4C;AAC1CU,IAAAA,SAAS,IAAG,CAAZ;AACAuB,IAAAA,IAAI,GAAGX,UAAU,IAAIF,SAAS,CAACJ,MAAV,GAAmB,CAAvB,CAAjB;AACD;;AACD,MAAI1C,KAAK,CAAC0B,YAAN,KAAuB,cAA3B,EAA2C;AAEzCiC,IAAAA,IAAI,GAAGX,UAAU,GAAIF,SAAS,CAACJ,MAA/B;AACAN,IAAAA,SAAS,IAAID,SAAS,GAAGwB,IAAZ,GAAmB,CAAhC;AACD;;AACD,MAAI3D,KAAK,CAAC0B,YAAN,KAAuB,SAA3B,EAAsC;AACpCU,IAAAA,SAAS,IAAI,CAAb;AACAuB,IAAAA,IAAI,GAAG,CAAP;AACD;;AACDb,EAAAA,SAAS,CAAC1B,OAAV,CAAkB,UAAUT,KAAV,EAAiB;AACjC,QAAIkD,aAAa,GAAG7D,KAAK,CAAC0B,YAAN,KAAuB,SAAvB,GAChBf,KAAK,CAACqC,UAAN,GAAmBA,UAAU,GAAGF,SAAS,CAACJ,MAD1B,GAEhB/B,KAAK,CAACqC,UAFV;;AAGA,SAAK,IAAIP,GAAC,GAAG,CAAb,EAAgBA,GAAC,GAAG9B,KAAK,CAAC+B,MAA1B,EAAkCD,GAAC,EAAnC,EAAuC;AACrC,UAAIE,MAAI,GAAGhC,KAAK,CAAC8B,GAAD,CAAhB;;AACA,UAAIG,WAAS,GAAG9C,QAAQ,CAAC6C,MAAD,CAAxB;;AAEA,UAAImB,KAAK,GAAGlB,WAAS,CAACmB,SAAV,IAAuB/D,KAAK,CAACuB,UAAzC,CAJqC,CAKrC;;AACA,UAAIqB,WAAS,CAACZ,SAAD,CAAT,KAAyB,IAAzB,IAAiCY,WAAS,CAACZ,SAAD,CAAT,KAA0B,KAAK,CAApE,EAAyE;AACvEY,QAAAA,WAAS,CAACZ,SAAD,CAAT,GAAwB8B,KAAK,KAAK,SAAX,GAAwBD,aAAxB,GAAwC,CAA/D;AACD;;AACD,UAAIC,KAAK,KAAK,YAAd,EAA4B;AAC1BlB,QAAAA,WAAS,CAACX,UAAD,CAAT,GAAwBG,SAAxB;AACAQ,QAAAA,WAAS,CAACV,QAAD,CAAT,GAAsBU,WAAS,CAACX,UAAD,CAAT,GAAwBE,SAAS,GAAGS,WAAS,CAACZ,SAAD,CAAnE;AACD;;AAED,UAAI8B,KAAK,KAAK,UAAd,EAA0B;AACxBlB,QAAAA,WAAS,CAACV,QAAD,CAAT,GAAsBE,SAAS,GAAGD,SAAS,GAAG0B,aAA9C;AACAjB,QAAAA,WAAS,CAACX,UAAD,CAAT,GAAwBW,WAAS,CAACV,QAAD,CAAT,GAAsBC,SAAS,GAAGS,WAAS,CAACZ,SAAD,CAAnE;AACD;;AAED,UAAI8B,KAAK,KAAK,QAAd,EAAwB;AACtBlB,QAAAA,WAAS,CAACX,UAAD,CAAT,GAAwBG,SAAS,GAAGD,SAAS,IAAI0B,aAAa,GAAGjB,WAAS,CAACZ,SAAD,CAA7B,CAAT,GAAqD,CAAzF;AACAY,QAAAA,WAAS,CAACV,QAAD,CAAT,GAAsBU,WAAS,CAACX,UAAD,CAAT,GAAwBE,SAAS,GAAGS,WAAS,CAACZ,SAAD,CAAnE;AACD;;AAED,UAAI8B,KAAK,KAAK,SAAd,EAAyB;AACvBlB,QAAAA,WAAS,CAACX,UAAD,CAAT,GAAwBG,SAAxB;AACAQ,QAAAA,WAAS,CAACV,QAAD,CAAT,GAAsBE,SAAS,GAAGD,SAAS,GAAGS,WAAS,CAACZ,SAAD,CAAvD,CAFuB,CAGvB;;AACAY,QAAAA,WAAS,CAACZ,SAAD,CAAT,GAAuBG,SAAS,GAAGS,WAAS,CAACZ,SAAD,CAA5C;AACD;AACF;;AACDI,IAAAA,SAAS,IAAID,SAAS,IAAI0B,aAAa,GAAGF,IAApB,CAAtB;AACD,GApCD;AAqCD;;AAGDK,MAAM,CAACC,OAAP,GAAiBzD,MAAjB","sourceRoot":"/Users/liyibing/Project/geekU/Frontend-03-Template/week18/html-parser/src/","sourcesContent":["function getStyle(element) {\n  if (!element.style) {\n    element.style = {}\n  }\n  for (let prop in element.computedStyle) {\n    let p = element.computedStyle.value;\n    element.style[prop] = element.computedStyle[prop].value\n    if (element.style[prop].toString().match(/px$/)) {\n      element.style[prop] = parseInt(element.style[prop]);\n    }\n    if (element.style[prop].toString().match(/^[0-9\\.]+$/)) {\n      element.style[prop] = parseInt(element.style[prop])\n    }\n  }\n  return element.style\n}\n\nfunction layout(element) {\n  if (!element.computedStyle)\n    return ;\n  let elementStyle = getStyle(element);\n  // 只计算flex\n  if (elementStyle.display !== 'flex') {\n    return\n  }\n  // 只算element 不算text\n  let items = element.children.filter(e => e.type === 'element')\n  // 支持order\n  items.sort(function(a, b) {\n    return (a.order || 0) - (b.order || 0);\n  })\n  // 同意空的改为null\n  let style = elementStyle;\n  ['width','height'].forEach(size => {\n    if(style[size] === 'auto' || style[size] === '') {\n      style[size] = null;\n    }\n  })\n  // 默认属性\n  if (!style.flexDirection || style.flexDirection === 'suto') {\n    style.flexDirection = 'row';\n  }\n  if (!style.alignItems || style.alignItems === 'auto') {\n    style.alignItems = 'stretch';\n  }\n  if (!style.justifyContent || style.justifyContent === 'auto') {\n    style.justifyContent = 'flex-start'\n  }\n  if (!style.flexWrap || style.flexWrap === 'auto') {\n    style.flexWrap = 'nowrap'\n  }\n  if (!style.alignContent || style.alignContent === 'auto') {\n    style.alignContent = 'stretch'\n  }\n  let mainSize, mainStart, mainEnd, mainSign, mainBase,\n      crossSize, crossStart, crossEnd, crossSign, crossBase;\n  if (style.flexDirection === 'row') {\n    mainSize = 'width';\n    mainStart = 'left';\n    mainEnd = 'right';\n    mainSign = +1;\n    mainBase = 0;\n\n    crossSize = 'height';\n    crossStart = 'top';\n    crossEnd = 'bottom';\n  }\n  if (style.flexDirection === 'row-reverse') {\n    mainSize = 'width';\n    mainstart = 'right';\n    mainEnd = 'left';\n    mainSign = -1;\n    mainBase = style.width;\n\n    crossSize = 'height';\n    crossStart = 'top';\n    crossEnd = 'bottom';\n  }\n  if (style.flexDirection === 'column') {\n    mainSize = 'height';\n    mainStart = 'top';\n    mainEnd = 'bottom';\n    mainSign = +1;\n    mainBase = 0;\n\n    crossSize = 'width';\n    crossStart = 'left';\n    crossEnd = 'right';\n  }\n  if (style.flexDirection === 'column') {\n    mainSize = 'height';\n    mainStart = 'bottom';\n    mainEnd = 'top';\n    mainSign = -1;\n    mainBase = style.height;\n\n    crossSize = 'width';\n    crossStart = 'left';\n    crossEnd = 'right';\n  }\n  if (style.flexWrap === 'wrap-reverse') {\n    [crossStart, crossEnd] = [crossEnd, crossStart];\n    crossSign = -1;\n    //TODO ? 为什么没有crossBase\n  } else {\n    crossBase = 0;\n    crossSign = 1;\n  }\n  // 父元素没设置主轴尺寸\n  let isAutoMainSize = false;\n  if (!style[mainSize]) {\n    elementStyle[mainSize] = 0;\n    for (let i = 0;i<items.length;i++) {\n      let item = items[i];\n      let itemStyle = getStyle(item)\n      // 第二个条件没看到\n      if (itemStyle[mainSize] !== null || itemStyle[mainSize] !== (void 0)) {\n        elementStyle[mainSize] += itemStyle[mainSize]\n      }\n    }\n    isAutoMainSize = true;\n  }\n  let flexLine = [];\n  let flexLines = [flexLine];\n\n  let mainSpace = elementStyle[mainSize];\n  let crossSpace = 0;\n\n  for (let i = 0; i < items.length; i++) {\n    let item = items[i];\n    let itemStyle = getStyle(item);\n\n    if (itemStyle[mainSize] === null) {\n      itemStyle[mainSize] = 0;\n    }\n    // flex元素 可以全部加在同一行\n    if (itemStyle.flex) {\n      flexLine.push(item);\n    } else if (style.flexWrap === 'nowrap' && isAutoMainSize) {\n      mainSpace -= itemStyle[mainSize];\n      // 计算交叉轴的尺寸\n      if (itemStyle[crossSize] !== null && itemStyle[crossSize] !== (void 0)) {\n        crossSpace = Math.max(crossSpace, itemStyle[crossSize]);\n      }\n      flexLine.push(item)\n    } else {\n      // 过大的元素强制适配\n      if (itemStyle[mainSize] > style[mainSize]) {\n        itemStyle[mainSize] = style[mainSize]\n      }\n      // 空间不足 换行\n      if (mainSpace < itemStyle[mainSize]) {\n        flexLine.mainSpace = mainSpace;\n        flexLine.crossSpace = crossSpace;\n        // 建立新行\n        flexLine = [item];\n        flexLines.push(flexLine);\n        mainSpace = style[mainSIze];\n        crossSpace = 0;\n      } else {\n        flexLine.push(item);\n      }\n      if (itemStyle[crossSize] !== null && itemStyle[crossSize] !== (void 0)) {\n        crossSpace = Math.max(crossSpace, itemStyle[crossSize]);\n      }\n      mainSpace -= itemStyle[mainSize]\n    }\n  }\n\n\n  flexLine.mainSpace = mainSpace;\n\n  if (style.flexWrap === 'no-wrap' || isAutoMainSize) {\n    flexLine.crossSpace = (style[crossSize] !== undefined) ? style[crossSize] : crossSpace\n  } else {\n    flexLine.crossSpace = crossSpace\n  }\n\n  if (mainSpace < 0) {\n    // 如果空间不够，则等比压缩\n    let scale = style[mainSize] / (style[mainSize] - mainSpace);\n    let currentMain = MainBase;\n    for (let i = 0; i < items.length; i++) {\n      let item = items[i];\n      let itemStyle = getStyle(item);\n\n      if (itemStyle.flex) {\n        itemStyle[mainSize] = 0;\n      }\n\n      itemStyle[mainSize] = itemStyle[mainSize] * scale;\n\n      itemStyle[mainStart] = currentMain;\n      itemStyle[mainEnd] = itemStyle[mainStart] + itemStyle[mainSign] * itemStyle[mainSize]\n      currentMain = itemStyle[mainEnd]\n    }\n\n  } else {\n    // flex元素均匀分布（按flex的值，比如1，2，1则分别占25 50 25%\n    flexLines.forEach(function (items) {\n      var mainSpace = items.mainSpace;\n      var flexTotal = 0;\n      // 计算总的flex值\n      for (let i = 0; i < items.length; i++) {\n        let item = items[i];\n        let itemStyle = getStyle(item);\n\n        if ((itemStyle.flex !== null) && itemStyle.flex !== (void 0)) {\n          flexTotal += itemStyle.flex;\n          continue;\n        }\n      }\n      \n      if (flexTotal > 0) {\n        // 重新计算flex元素大小\n        let currentMain = mainBase;\n        for (let i = 0; i < items.length; i++) {\n          let item = items[i];\n          let itemStyle = getStyle(item);\n          if (itemStyle.flex) {\n            itemStyle[mainSize] = mainSpace * (itemStyle.flex / flexTotal)\n          }\n          itemStyle[mainStart] = currentMain;\n          itemStyle[mainEnd] = currentMain + mainSign * itemStyle[mainSize]\n          currentMain = itemStyle[mainEnd];\n        }\n      } else {\n        // 没有flex元素，则用justifyContent属性来计算\n        let currentMain = mainBase,step = 0\n        if (style.justifyContent === 'flex-start') {\n          currentMain = mainBase;\n          step = 0;\n        }\n        if (style.justifyContent === 'flex-end') {\n          currentMain = mainSpace * mainSign + mainBase;\n          step = 0;\n        }\n        if (style.justifyContent === 'center') {\n          currentMain = mainSpace / 2 * mainSign + mainBase;\n          step = 0;\n        }\n        if (style.justifyContent === 'space-between') {\n          step = mainSpace / (items.length - 1) * mainSign;\n          currentMain = mainBase;\n        }\n        if (style.justifyContent === 'space-around') {\n          step = mainSpace / items.length * mainSign\n          currentMain = step / 2 + mainBase;\n        }\n        for (let i = 0; i < items.length; i++) {\n          let item = items[i];\n          itemStyle[mainStart] = currentMain;\n          itemStyle[mainEnd] = itemStyle[mainStart] + mainSign * itemStyle[mainSize];\n          currentMain = itemStyle[mainEnd] + step;\n        }\n      }\n    })\n  }\n\n  if (!style[crossSize]) {\n    crossSpace = 0;\n    elementStyle[crossSize] = 0;\n    for (let i = 0;i < flexLines.length; i++) {\n      elementStyle[crossSize] += flexLines[i].crossSpace\n    }\n  } else {\n    crossSpace = style[crossSize];\n    for (let i = 0; i < flexLines.length; i++) {\n      crossSpace -= flexLines[i].crossSpace;\n    }\n  }\n\n\n  if (style.flexWrap === 'wrap-reverse') {\n    crossBase = style[crossSize];\n  } else {\n    crossBase = 0;\n  }\n  let lineSize = style[crossSize] / flexLines.length;\n\n  let step;\n  if (style.alignContent === 'flex-start') {\n    crossBase += 0;\n    step = 0;\n  }\n  if (style.alignContent === 'flex-end') {\n    crossBase += crossSign * crossSpace;\n    step = 0;\n  }\n  if (style.alignContent === 'center') {\n    crossBase += crossSign * crossBase / 2;\n    step = 0;\n  }\n  if (style.alignContent === 'space-between') {\n    crossBase+= 0;\n    step = crossSpace / (flexLines.length - 1);\n  }\n  if (style.alignContent === 'space-around') {\n\n    step = crossSpace / (flexLines.length);\n    crossBase += crossSign * step / 2;\n  }\n  if (style.alignContent === 'stretch') {\n    crossBase += 0;\n    step = 0;\n  }\n  flexLines.forEach(function (items) {\n    let lineCrossSize = style.alignContent === 'stretch' ?\n        items.crossSpace + crossSpace / flexLines.length :\n        items.crossSpace;\n    for (let i = 0; i < items.length; i++) {\n      let item = items[i];\n      let itemStyle = getStyle(item);\n\n      let align = itemStyle.alignSelf || style.alignItems;\n      // 高度没定义则占满\n      if (itemStyle[crossSize] === null || itemStyle[crossSize] === (void 0) ) {\n        itemStyle[crossSize] = (align === 'stretch') ? lineCrossSize : 0;\n      }\n      if (align === 'flex-start') {\n        itemStyle[crossStart] = crossBase;\n        itemStyle[crossEnd] = itemStyle[crossStart] + crossSign * itemStyle[crossSize];\n      }\n\n      if (align === 'flex-end') {\n        itemStyle[crossEnd] = crossBase + crossSign * lineCrossSize;\n        itemStyle[crossStart] = itemStyle[crossEnd] - crossSign * itemStyle[crossSize];\n      }\n\n      if (align === 'center') {\n        itemStyle[crossStart] = crossBase + crossSign * (lineCrossSize - itemStyle[crossSize]) / 2;\n        itemStyle[crossEnd] = itemStyle[crossStart] + crossSign * itemStyle[crossSize];\n      }\n\n      if (align === 'stretch') {\n        itemStyle[crossStart] = crossBase;\n        itemStyle[crossEnd] = crossBase + crossSign * itemStyle[crossSize];\n        //TODO crossEnd计算可能有误\n        itemStyle[crossSize] = crossSign * itemStyle[crossSize]\n      }\n    }\n    crossBase += crossSign * (lineCrossSize + step);\n  });\n}\n\n\nmodule.exports = layout\n"]},"_coverageSchema":"1a1c01bbd47fc00a2c39e90264f33305004495a9","hash":"ee0b519fbff0646dfd859c1ff4c2af539ab70ac8","contentHash":"4d8af4c7e9c765c6d828ef3e0f2605cc955d787d0671243b0a178c777a453d77"}}